----------------------------------------
ActivityId: 7601b794-956e-4d00-a3d3-ee24f28c1ee0

Timestamp: 1/22/2018 10:57:49 AM

Message: Identity Server: NoSignInCookie

Category: Authentication

Priority: -1

EventId: 1

Severity: Information

Title:

Machine: CPL17H2

App Domain: /LM/W3SVC/1/ROOT-1-131610920990354940

ProcessId: 2072

Process Name: C:\Program Files (x86)\IIS Express\IISExpress.exe

Thread Name: 

Win32 ThreadId:16620

Extended Properties: 
----------------------------------------
----------------------------------------
ActivityId: b6af3e6b-8ed3-4c72-8bf8-8495518b92da

Timestamp: 1/22/2018 10:57:52 AM

Message: Identity Server: NoSignInCookie

Category: Authentication

Priority: -1

EventId: 1

Severity: Information

Title:

Machine: CPL17H2

App Domain: /LM/W3SVC/1/ROOT-1-131610920990354940

ProcessId: 2072

Process Name: C:\Program Files (x86)\IIS Express\IISExpress.exe

Thread Name: 

Win32 ThreadId:11556

Extended Properties: 
----------------------------------------
