----------------------------------------
ActivityId: 8767ae65-643d-47c7-bcd1-4b948d28cdbd

Timestamp: 1/25/2018 8:06:26 AM

Message: HandlingInstanceID: f8d1ca7f-a269-41da-8f5c-f77ea3b819c6
An exception of type 'System.NullReferenceException' occurred and was caught.
-----------------------------------------------------------------------------
01/25/2018 15:06:26
Type : System.NullReferenceException, mscorlib, Version=4.0.0.0, Culture=neutral, PublicKeyToken=b77a5c561934e089
Message : Object reference not set to an instance of an object.
Source : SitefinityWebApp
Help link : 
Data : System.Collections.ListDictionaryInternal
TargetSite : System.Web.Mvc.ActionResult Index()
HResult : -2147467261
Stack Trace :    at SitefinityWebApp.Mvc.Controllers.SliderController.Index() in D:\Projects\Learn\Sitefinity\VarsityII\Mvc\Controllers\SliderController.cs:line 33
   at lambda_method(Closure , ControllerBase , Object[] )
   at System.Web.Mvc.ActionMethodDispatcher.Execute(ControllerBase controller, Object[] parameters)
   at System.Web.Mvc.ReflectedActionDescriptor.Execute(ControllerContext controllerContext, IDictionary`2 parameters)
   at System.Web.Mvc.ControllerActionInvoker.InvokeActionMethod(ControllerContext controllerContext, ActionDescriptor actionDescriptor, IDictionary`2 parameters)
   at System.Web.Mvc.ControllerActionInvoker.<>c__DisplayClass15.<InvokeActionMethodWithFilters>b__12()
   at System.Web.Mvc.ControllerActionInvoker.InvokeActionMethodFilter(IActionFilter filter, ActionExecutingContext preContext, Func`1 continuation)
   at System.Web.Mvc.ControllerActionInvoker.<>c__DisplayClass15.<>c__DisplayClass17.<InvokeActionMethodWithFilters>b__14()
   at System.Web.Mvc.ControllerActionInvoker.InvokeActionMethodFilter(IActionFilter filter, ActionExecutingContext preContext, Func`1 continuation)
   at System.Web.Mvc.ControllerActionInvoker.<>c__DisplayClass15.<>c__DisplayClass17.<InvokeActionMethodWithFilters>b__14()
   at System.Web.Mvc.ControllerActionInvoker.InvokeActionMethodFilter(IActionFilter filter, ActionExecutingContext preContext, Func`1 continuation)
   at System.Web.Mvc.ControllerActionInvoker.<>c__DisplayClass15.<>c__DisplayClass17.<InvokeActionMethodWithFilters>b__14()
   at System.Web.Mvc.ControllerActionInvoker.InvokeActionMethodFilter(IActionFilter filter, ActionExecutingContext preContext, Func`1 continuation)
   at System.Web.Mvc.ControllerActionInvoker.<>c__DisplayClass15.<>c__DisplayClass17.<InvokeActionMethodWithFilters>b__14()
   at System.Web.Mvc.ControllerActionInvoker.InvokeActionMethodFilter(IActionFilter filter, ActionExecutingContext preContext, Func`1 continuation)
   at System.Web.Mvc.ControllerActionInvoker.<>c__DisplayClass15.<>c__DisplayClass17.<InvokeActionMethodWithFilters>b__14()
   at System.Web.Mvc.ControllerActionInvoker.InvokeActionMethodFilter(IActionFilter filter, ActionExecutingContext preContext, Func`1 continuation)
   at System.Web.Mvc.ControllerActionInvoker.<>c__DisplayClass15.<>c__DisplayClass17.<InvokeActionMethodWithFilters>b__14()
   at System.Web.Mvc.ControllerActionInvoker.InvokeActionMethodFilter(IActionFilter filter, ActionExecutingContext preContext, Func`1 continuation)
   at System.Web.Mvc.ControllerActionInvoker.<>c__DisplayClass15.<>c__DisplayClass17.<InvokeActionMethodWithFilters>b__14()
   at System.Web.Mvc.ControllerActionInvoker.InvokeActionMethodWithFilters(ControllerContext controllerContext, IList`1 filters, ActionDescriptor actionDescriptor, IDictionary`2 parameters)
   at System.Web.Mvc.ControllerActionInvoker.InvokeAction(ControllerContext controllerContext, String actionName)
   at Telerik.Sitefinity.Mvc.ControllerWrapper.Execute()
   at Telerik.Sitefinity.Mvc.ControllerActionInvoker.ExecuteController(MvcProxyBase proxyControl)
   at Telerik.Sitefinity.Frontend.Mvc.Infrastructure.Routing.FeatherActionInvoker.ExecuteController(MvcProxyBase proxyControl)

Additional Info:

MachineName : CPL17H2
TimeStamp : 1/25/2018 8:06:26 AM
FullName : Telerik.Sitefinity.Utilities, Version=10.2.6602.0, Culture=neutral, PublicKeyToken=b28c218413bdf563
AppDomainName : /LM/W3SVC/1/ROOT-4-131613410637728953
ThreadIdentity : tannguyen24894@gmail.com
WindowsIdentity : KMS\tannguyen
Requested URL : http://localhost:29189/home/Action/Edit


Category: ErrorLog

Priority: 0

EventId: 9010

Severity: Warning

Title:Enterprise Library Exception Handling

Machine: CPL17H2

App Domain: /LM/W3SVC/1/ROOT-4-131613410637728953

ProcessId: 16952

Process Name: C:\Program Files (x86)\IIS Express\IISExpress.exe

Thread Name: 

Win32 ThreadId:18876

Extended Properties: 
----------------------------------------
----------------------------------------
ActivityId: 00000000-0000-0000-0000-000000000000

Timestamp: 1/25/2018 8:07:00 AM

Message: HandlingInstanceID: a2a060d3-c8cb-4562-8df6-40861be8e663
An exception of type 'System.NullReferenceException' occurred and was caught.
-----------------------------------------------------------------------------
01/25/2018 15:07:00
Type : System.NullReferenceException, mscorlib, Version=4.0.0.0, Culture=neutral, PublicKeyToken=b77a5c561934e089
Message : Object reference not set to an instance of an object.
Source : SitefinityWebApp
Help link : 
Data : System.Collections.ListDictionaryInternal
TargetSite : System.Web.Mvc.ActionResult Index()
HResult : -2147467261
Stack Trace :    at SitefinityWebApp.Mvc.Controllers.SliderController.Index() in D:\Projects\Learn\Sitefinity\VarsityII\Mvc\Controllers\SliderController.cs:line 33
   at lambda_method(Closure , ControllerBase , Object[] )
   at System.Web.Mvc.ActionMethodDispatcher.Execute(ControllerBase controller, Object[] parameters)
   at System.Web.Mvc.ReflectedActionDescriptor.Execute(ControllerContext controllerContext, IDictionary`2 parameters)
   at System.Web.Mvc.ControllerActionInvoker.InvokeActionMethod(ControllerContext controllerContext, ActionDescriptor actionDescriptor, IDictionary`2 parameters)
   at System.Web.Mvc.ControllerActionInvoker.<>c__DisplayClass15.<InvokeActionMethodWithFilters>b__12()
   at System.Web.Mvc.ControllerActionInvoker.InvokeActionMethodFilter(IActionFilter filter, ActionExecutingContext preContext, Func`1 continuation)
   at System.Web.Mvc.ControllerActionInvoker.<>c__DisplayClass15.<>c__DisplayClass17.<InvokeActionMethodWithFilters>b__14()
   at System.Web.Mvc.ControllerActionInvoker.InvokeActionMethodFilter(IActionFilter filter, ActionExecutingContext preContext, Func`1 continuation)
   at System.Web.Mvc.ControllerActionInvoker.<>c__DisplayClass15.<>c__DisplayClass17.<InvokeActionMethodWithFilters>b__14()
   at System.Web.Mvc.ControllerActionInvoker.InvokeActionMethodFilter(IActionFilter filter, ActionExecutingContext preContext, Func`1 continuation)
   at System.Web.Mvc.ControllerActionInvoker.<>c__DisplayClass15.<>c__DisplayClass17.<InvokeActionMethodWithFilters>b__14()
   at System.Web.Mvc.ControllerActionInvoker.InvokeActionMethodFilter(IActionFilter filter, ActionExecutingContext preContext, Func`1 continuation)
   at System.Web.Mvc.ControllerActionInvoker.<>c__DisplayClass15.<>c__DisplayClass17.<InvokeActionMethodWithFilters>b__14()
   at System.Web.Mvc.ControllerActionInvoker.InvokeActionMethodFilter(IActionFilter filter, ActionExecutingContext preContext, Func`1 continuation)
   at System.Web.Mvc.ControllerActionInvoker.<>c__DisplayClass15.<>c__DisplayClass17.<InvokeActionMethodWithFilters>b__14()
   at System.Web.Mvc.ControllerActionInvoker.InvokeActionMethodFilter(IActionFilter filter, ActionExecutingContext preContext, Func`1 continuation)
   at System.Web.Mvc.ControllerActionInvoker.<>c__DisplayClass15.<>c__DisplayClass17.<InvokeActionMethodWithFilters>b__14()
   at System.Web.Mvc.ControllerActionInvoker.InvokeActionMethodFilter(IActionFilter filter, ActionExecutingContext preContext, Func`1 continuation)
   at System.Web.Mvc.ControllerActionInvoker.<>c__DisplayClass15.<>c__DisplayClass17.<InvokeActionMethodWithFilters>b__14()
   at System.Web.Mvc.ControllerActionInvoker.InvokeActionMethodWithFilters(ControllerContext controllerContext, IList`1 filters, ActionDescriptor actionDescriptor, IDictionary`2 parameters)
   at System.Web.Mvc.ControllerActionInvoker.InvokeAction(ControllerContext controllerContext, String actionName)
   at Telerik.Sitefinity.Mvc.ControllerWrapper.Execute()
   at Telerik.Sitefinity.Mvc.ControllerActionInvoker.ExecuteController(MvcProxyBase proxyControl)
   at Telerik.Sitefinity.Frontend.Mvc.Infrastructure.Routing.FeatherActionInvoker.ExecuteController(MvcProxyBase proxyControl)

Additional Info:

MachineName : CPL17H2
TimeStamp : 1/25/2018 8:07:00 AM
FullName : Telerik.Sitefinity.Utilities, Version=10.2.6602.0, Culture=neutral, PublicKeyToken=b28c218413bdf563
AppDomainName : /LM/W3SVC/1/ROOT-4-131613410637728953
ThreadIdentity : tannguyen24894@gmail.com
WindowsIdentity : KMS\tannguyen
Requested URL : http://localhost:29189/home/Action/Edit


Category: ErrorLog

Priority: 0

EventId: 9010

Severity: Warning

Title:Enterprise Library Exception Handling

Machine: CPL17H2

App Domain: /LM/W3SVC/1/ROOT-4-131613410637728953

ProcessId: 16952

Process Name: C:\Program Files (x86)\IIS Express\IISExpress.exe

Thread Name: 

Win32 ThreadId:18420

Extended Properties: 
----------------------------------------
----------------------------------------
ActivityId: 00000000-0000-0000-0000-000000000000

Timestamp: 1/25/2018 8:10:38 AM

Message: Timestamp: 1/25/2018 8:10:38 AM
Message: System.AggregateException: One or more errors occurred. ---> System.OutOfMemoryException: Exception of type 'System.OutOfMemoryException' was thrown.
   at System.Reflection.RuntimeAssembly._nLoad(AssemblyName fileName, String codeBase, Evidence assemblySecurity, RuntimeAssembly locationHint, StackCrawlMark& stackMark, IntPtr pPrivHostBinder, Boolean throwOnFileNotFound, Boolean forIntrospection, Boolean suppressSecurityChecks)
   at System.Reflection.RuntimeAssembly.nLoad(AssemblyName fileName, String codeBase, Evidence assemblySecurity, RuntimeAssembly locationHint, StackCrawlMark& stackMark, IntPtr pPrivHostBinder, Boolean throwOnFileNotFound, Boolean forIntrospection, Boolean suppressSecurityChecks)
   at System.Reflection.RuntimeAssembly.InternalLoadAssemblyName(AssemblyName assemblyRef, Evidence assemblySecurity, RuntimeAssembly reqAssembly, StackCrawlMark& stackMark, IntPtr pPrivHostBinder, Boolean throwOnFileNotFound, Boolean forIntrospection, Boolean suppressSecurityChecks)
   at System.Reflection.RuntimeAssembly.InternalLoadFrom(String assemblyFile, Evidence securityEvidence, Byte[] hashValue, AssemblyHashAlgorithm hashAlgorithm, Boolean forIntrospection, Boolean suppressSecurityChecks, StackCrawlMark& stackMark)
   at System.Reflection.Assembly.ReflectionOnlyLoadFrom(String assemblyFile)
   at Telerik.Sitefinity.Frontend.Mvc.Infrastructure.Controllers.ControllerContainerInitializer.IsMarkedAssembly[TAttribute](String assemblyFileName)
   at Telerik.Sitefinity.Frontend.Mvc.Infrastructure.Controllers.ControllerContainerInitializer.IsControllerContainer(String assemblyFileName)
   at Telerik.Sitefinity.Frontend.Mvc.Infrastructure.Controllers.ControllerContainerInitializer.RetrieveAssembly(String assemblyFileName)
   at Telerik.Sitefinity.Frontend.Mvc.Infrastructure.Controllers.ControllerContainerInitializer.<>c__DisplayClass11.<RetrieveAssemblyAsync>b__10()
   at System.Threading.Tasks.Task`1.InnerInvoke()
   at System.Threading.Tasks.Task.Execute()
   --- End of inner exception stack trace ---
   at System.Threading.Tasks.Task.WaitAll(Task[] tasks, Int32 millisecondsTimeout, CancellationToken cancellationToken)
   at Telerik.Sitefinity.Frontend.Mvc.Infrastructure.Controllers.ControllerContainerInitializer.RetrieveAssemblies()
   at Telerik.Sitefinity.Frontend.Mvc.Infrastructure.Controllers.ControllerContainerInitializer.get_ControllerContainerAssemblies()
   at Telerik.Sitefinity.Frontend.FrontendModule.InitializeDependencyResolver()
   at Telerik.Sitefinity.Frontend.FrontendModule.Load()
   at Telerik.Sitefinity.Services.SystemManager.Initialize()
   at Telerik.Sitefinity.Abstractions.Bootstrapper.RegisterRoutes()
   at Telerik.Sitefinity.Abstractions.Bootstrapper.Bootstrap()
   at Telerik.Sitefinity.Web.SitefinityHttpModule.<Init>b__2(Object ctx)
   at System.Threading.Tasks.Task.InnerInvoke()
   at System.Threading.Tasks.Task.Execute()
---> (Inner Exception #0) System.OutOfMemoryException: Exception of type 'System.OutOfMemoryException' was thrown.
   at System.Reflection.RuntimeAssembly._nLoad(AssemblyName fileName, String codeBase, Evidence assemblySecurity, RuntimeAssembly locationHint, StackCrawlMark& stackMark, IntPtr pPrivHostBinder, Boolean throwOnFileNotFound, Boolean forIntrospection, Boolean suppressSecurityChecks)
   at System.Reflection.RuntimeAssembly.nLoad(AssemblyName fileName, String codeBase, Evidence assemblySecurity, RuntimeAssembly locationHint, StackCrawlMark& stackMark, IntPtr pPrivHostBinder, Boolean throwOnFileNotFound, Boolean forIntrospection, Boolean suppressSecurityChecks)
   at System.Reflection.RuntimeAssembly.InternalLoadAssemblyName(AssemblyName assemblyRef, Evidence assemblySecurity, RuntimeAssembly reqAssembly, StackCrawlMark& stackMark, IntPtr pPrivHostBinder, Boolean throwOnFileNotFound, Boolean forIntrospection, Boolean suppressSecurityChecks)
   at System.Reflection.RuntimeAssembly.InternalLoadFrom(String assemblyFile, Evidence securityEvidence, Byte[] hashValue, AssemblyHashAlgorithm hashAlgorithm, Boolean forIntrospection, Boolean suppressSecurityChecks, StackCrawlMark& stackMark)
   at System.Reflection.Assembly.ReflectionOnlyLoadFrom(String assemblyFile)
   at Telerik.Sitefinity.Frontend.Mvc.Infrastructure.Controllers.ControllerContainerInitializer.IsMarkedAssembly[TAttribute](String assemblyFileName)
   at Telerik.Sitefinity.Frontend.Mvc.Infrastructure.Controllers.ControllerContainerInitializer.IsControllerContainer(String assemblyFileName)
   at Telerik.Sitefinity.Frontend.Mvc.Infrastructure.Controllers.ControllerContainerInitializer.RetrieveAssembly(String assemblyFileName)
   at Telerik.Sitefinity.Frontend.Mvc.Infrastructure.Controllers.ControllerContainerInitializer.<>c__DisplayClass11.<RetrieveAssemblyAsync>b__10()
   at System.Threading.Tasks.Task`1.InnerInvoke()
   at System.Threading.Tasks.Task.Execute()<---

Category: 
Priority: -1
EventId: 0
Severity: Critical
Title:
Machine: CPL17H2
App Domain: /LM/W3SVC/1/ROOT-6-131613414082926429
ProcessId: 16952
Process Name: C:\Program Files (x86)\IIS Express\IISExpress.exe
Thread Name: 
Win32 ThreadId:2976
Extended Properties: 

Category: ErrorLog

Priority: -1

EventId: 1

Severity: Information

Title:

Machine: CPL17H2

App Domain: /LM/W3SVC/1/ROOT-6-131613414082926429

ProcessId: 16952

Process Name: C:\Program Files (x86)\IIS Express\IISExpress.exe

Thread Name: 

Win32 ThreadId:2976

Extended Properties: 
----------------------------------------
----------------------------------------
ActivityId: 4166a5d3-ea5a-431a-a873-d330e15282f1

Timestamp: 1/25/2018 8:17:46 AM

Message: HandlingInstanceID: 5593d473-9b7a-42e9-b4f5-9ab2ac972237
An exception of type 'System.Exception' occurred and was caught.
----------------------------------------------------------------
01/25/2018 15:17:46
Type : System.Exception, mscorlib, Version=4.0.0.0, Culture=neutral, PublicKeyToken=b77a5c561934e089
Message : Wrong custom field 'Day' for type 'Telerik.Sitefinity.DynamicTypes.Model.Course.Course'
Source : Telerik.Sitefinity.Model
Help link : 
Data : System.Collections.ListDictionaryInternal
TargetSite : System.Object GetValue(Telerik.Sitefinity.Model.IDynamicFieldsContainer, System.String)
HResult : -2146233088
Stack Trace :    at Telerik.Sitefinity.Model.DataExtensions.GetValue(IDynamicFieldsContainer dataItem, String fieldName)
   at ASP._MVC_Views_Shared__SliderTileCourse_cshtml.Execute() in D:\Projects\Learn\Sitefinity\VarsityII\obj\CodeGen\MVC\MVC\Views\Shared\_SliderTileCourse.cshtml:line 9
   at System.Web.WebPages.WebPageBase.ExecutePageHierarchy()
   at System.Web.Mvc.WebViewPage.ExecutePageHierarchy()
   at System.Web.WebPages.WebPageBase.ExecutePageHierarchy(WebPageContext pageContext, TextWriter writer, WebPageRenderingBase startPage)
   at RazorGenerator.Mvc.PrecompiledMvcView.Render(ViewContext viewContext, TextWriter writer)
   at ASP.PartialExtensions.RenderPartialInternal(HtmlHelper htmlHelper, String partialViewName, ViewDataDictionary viewData, Object model, TextWriter writer)
   at ASP.PartialExtensions.RenderPartial(HtmlHelper htmlHelper, String partialViewName, Object model)
   at ASP._MVC_Views_Slider_Course_cshtml.Execute() in D:\Projects\Learn\Sitefinity\VarsityII\obj\CodeGen\MVC\MVC\Views\Slider\Course.cshtml:line 7
   at System.Web.WebPages.WebPageBase.ExecutePageHierarchy()
   at System.Web.Mvc.WebViewPage.ExecutePageHierarchy()
   at System.Web.WebPages.WebPageBase.ExecutePageHierarchy(WebPageContext pageContext, TextWriter writer, WebPageRenderingBase startPage)
   at RazorGenerator.Mvc.PrecompiledMvcView.Render(ViewContext viewContext, TextWriter writer)
   at System.Web.Mvc.ViewResultBase.ExecuteResult(ControllerContext context)
   at System.Web.Mvc.ControllerActionInvoker.InvokeActionResult(ControllerContext controllerContext, ActionResult actionResult)
   at System.Web.Mvc.ControllerActionInvoker.InvokeActionResultFilterRecursive(IList`1 filters, Int32 filterIndex, ResultExecutingContext preContext, ControllerContext controllerContext, ActionResult actionResult)
   at System.Web.Mvc.ControllerActionInvoker.InvokeActionResultFilterRecursive(IList`1 filters, Int32 filterIndex, ResultExecutingContext preContext, ControllerContext controllerContext, ActionResult actionResult)
   at System.Web.Mvc.ControllerActionInvoker.InvokeActionResultFilterRecursive(IList`1 filters, Int32 filterIndex, ResultExecutingContext preContext, ControllerContext controllerContext, ActionResult actionResult)
   at System.Web.Mvc.ControllerActionInvoker.InvokeActionResultFilterRecursive(IList`1 filters, Int32 filterIndex, ResultExecutingContext preContext, ControllerContext controllerContext, ActionResult actionResult)
   at System.Web.Mvc.ControllerActionInvoker.InvokeActionResultFilterRecursive(IList`1 filters, Int32 filterIndex, ResultExecutingContext preContext, ControllerContext controllerContext, ActionResult actionResult)
   at System.Web.Mvc.ControllerActionInvoker.InvokeActionResultFilterRecursive(IList`1 filters, Int32 filterIndex, ResultExecutingContext preContext, ControllerContext controllerContext, ActionResult actionResult)
   at System.Web.Mvc.ControllerActionInvoker.InvokeActionResultFilterRecursive(IList`1 filters, Int32 filterIndex, ResultExecutingContext preContext, ControllerContext controllerContext, ActionResult actionResult)
   at System.Web.Mvc.ControllerActionInvoker.InvokeActionResultFilterRecursive(IList`1 filters, Int32 filterIndex, ResultExecutingContext preContext, ControllerContext controllerContext, ActionResult actionResult)
   at System.Web.Mvc.ControllerActionInvoker.InvokeActionResultWithFilters(ControllerContext controllerContext, IList`1 filters, ActionResult actionResult)
   at System.Web.Mvc.ControllerActionInvoker.InvokeAction(ControllerContext controllerContext, String actionName)
   at Telerik.Sitefinity.Mvc.ControllerWrapper.Execute()
   at Telerik.Sitefinity.Mvc.ControllerActionInvoker.ExecuteController(MvcProxyBase proxyControl)
   at Telerik.Sitefinity.Frontend.Mvc.Infrastructure.Routing.FeatherActionInvoker.ExecuteController(MvcProxyBase proxyControl)

Additional Info:

MachineName : CPL17H2
TimeStamp : 1/25/2018 8:17:46 AM
FullName : Telerik.Sitefinity.Utilities, Version=10.2.6602.0, Culture=neutral, PublicKeyToken=b28c218413bdf563
AppDomainName : /LM/W3SVC/1/ROOT-2-131613418094721743
ThreadIdentity : tannguyen24894@gmail.com
WindowsIdentity : KMS\tannguyen
Requested URL : http://localhost:45941/home/Action/Edit


Category: ErrorLog

Priority: 0

EventId: 9010

Severity: Warning

Title:Enterprise Library Exception Handling

Machine: CPL17H2

App Domain: /LM/W3SVC/1/ROOT-2-131613418094721743

ProcessId: 14812

Process Name: C:\Program Files (x86)\IIS Express\IISExpress.exe

Thread Name: 

Win32 ThreadId:2976

Extended Properties: 
----------------------------------------
----------------------------------------
ActivityId: 7c0c1cd9-c19d-41bd-a4d2-d6ca7a0f08dc

Timestamp: 1/25/2018 8:32:25 AM

Message: HandlingInstanceID: 92227ff3-383c-4a12-8619-a193cdeebf92
An exception of type 'System.Exception' occurred and was caught.
----------------------------------------------------------------
01/25/2018 15:32:25
Type : System.Exception, mscorlib, Version=4.0.0.0, Culture=neutral, PublicKeyToken=b77a5c561934e089
Message : Wrong custom field 'Day' for type 'Telerik.Sitefinity.DynamicTypes.Model.Course.Course'
Source : Telerik.Sitefinity.Model
Help link : 
Data : System.Collections.ListDictionaryInternal
TargetSite : System.Object GetValue(Telerik.Sitefinity.Model.IDynamicFieldsContainer, System.String)
HResult : -2146233088
Stack Trace :    at Telerik.Sitefinity.Model.DataExtensions.GetValue(IDynamicFieldsContainer dataItem, String fieldName)
   at ASP._MVC_Views_Shared__SliderTileCourse_cshtml.Execute() in D:\Projects\Learn\Sitefinity\VarsityII\obj\CodeGen\MVC\MVC\Views\Shared\_SliderTileCourse.cshtml:line 11
   at System.Web.WebPages.WebPageBase.ExecutePageHierarchy()
   at System.Web.Mvc.WebViewPage.ExecutePageHierarchy()
   at System.Web.WebPages.WebPageBase.ExecutePageHierarchy(WebPageContext pageContext, TextWriter writer, WebPageRenderingBase startPage)
   at RazorGenerator.Mvc.PrecompiledMvcView.Render(ViewContext viewContext, TextWriter writer)
   at ASP.PartialExtensions.RenderPartialInternal(HtmlHelper htmlHelper, String partialViewName, ViewDataDictionary viewData, Object model, TextWriter writer)
   at ASP.PartialExtensions.RenderPartial(HtmlHelper htmlHelper, String partialViewName, Object model)
   at ASP._MVC_Views_Slider_Course_cshtml.Execute() in D:\Projects\Learn\Sitefinity\VarsityII\obj\CodeGen\MVC\MVC\Views\Slider\Course.cshtml:line 7
   at System.Web.WebPages.WebPageBase.ExecutePageHierarchy()
   at System.Web.Mvc.WebViewPage.ExecutePageHierarchy()
   at System.Web.WebPages.WebPageBase.ExecutePageHierarchy(WebPageContext pageContext, TextWriter writer, WebPageRenderingBase startPage)
   at RazorGenerator.Mvc.PrecompiledMvcView.Render(ViewContext viewContext, TextWriter writer)
   at System.Web.Mvc.ViewResultBase.ExecuteResult(ControllerContext context)
   at System.Web.Mvc.ControllerActionInvoker.InvokeActionResult(ControllerContext controllerContext, ActionResult actionResult)
   at System.Web.Mvc.ControllerActionInvoker.InvokeActionResultFilterRecursive(IList`1 filters, Int32 filterIndex, ResultExecutingContext preContext, ControllerContext controllerContext, ActionResult actionResult)
   at System.Web.Mvc.ControllerActionInvoker.InvokeActionResultFilterRecursive(IList`1 filters, Int32 filterIndex, ResultExecutingContext preContext, ControllerContext controllerContext, ActionResult actionResult)
   at System.Web.Mvc.ControllerActionInvoker.InvokeActionResultFilterRecursive(IList`1 filters, Int32 filterIndex, ResultExecutingContext preContext, ControllerContext controllerContext, ActionResult actionResult)
   at System.Web.Mvc.ControllerActionInvoker.InvokeActionResultFilterRecursive(IList`1 filters, Int32 filterIndex, ResultExecutingContext preContext, ControllerContext controllerContext, ActionResult actionResult)
   at System.Web.Mvc.ControllerActionInvoker.InvokeActionResultFilterRecursive(IList`1 filters, Int32 filterIndex, ResultExecutingContext preContext, ControllerContext controllerContext, ActionResult actionResult)
   at System.Web.Mvc.ControllerActionInvoker.InvokeActionResultFilterRecursive(IList`1 filters, Int32 filterIndex, ResultExecutingContext preContext, ControllerContext controllerContext, ActionResult actionResult)
   at System.Web.Mvc.ControllerActionInvoker.InvokeActionResultFilterRecursive(IList`1 filters, Int32 filterIndex, ResultExecutingContext preContext, ControllerContext controllerContext, ActionResult actionResult)
   at System.Web.Mvc.ControllerActionInvoker.InvokeActionResultFilterRecursive(IList`1 filters, Int32 filterIndex, ResultExecutingContext preContext, ControllerContext controllerContext, ActionResult actionResult)
   at System.Web.Mvc.ControllerActionInvoker.InvokeActionResultWithFilters(ControllerContext controllerContext, IList`1 filters, ActionResult actionResult)
   at System.Web.Mvc.ControllerActionInvoker.InvokeAction(ControllerContext controllerContext, String actionName)
   at Telerik.Sitefinity.Mvc.ControllerWrapper.Execute()
   at Telerik.Sitefinity.Mvc.ControllerActionInvoker.ExecuteController(MvcProxyBase proxyControl)
   at Telerik.Sitefinity.Frontend.Mvc.Infrastructure.Routing.FeatherActionInvoker.ExecuteController(MvcProxyBase proxyControl)

Additional Info:

MachineName : CPL17H2
TimeStamp : 1/25/2018 8:32:25 AM
FullName : Telerik.Sitefinity.Utilities, Version=10.2.6602.0, Culture=neutral, PublicKeyToken=b28c218413bdf563
AppDomainName : /LM/W3SVC/1/ROOT-6-131613426958514076
ThreadIdentity : tannguyen24894@gmail.com
WindowsIdentity : KMS\tannguyen
Requested URL : http://localhost:45941/


Category: ErrorLog

Priority: 0

EventId: 9010

Severity: Warning

Title:Enterprise Library Exception Handling

Machine: CPL17H2

App Domain: /LM/W3SVC/1/ROOT-6-131613426958514076

ProcessId: 14812

Process Name: C:\Program Files (x86)\IIS Express\IISExpress.exe

Thread Name: 

Win32 ThreadId:19544

Extended Properties: 
----------------------------------------
----------------------------------------
ActivityId: dbb92270-cae8-4966-bcc6-4e62ce57a272

Timestamp: 1/25/2018 8:34:47 AM

Message: HandlingInstanceID: d7611e3b-b542-4893-b403-f9a2e9d2066b
An exception of type 'System.Exception' occurred and was caught.
----------------------------------------------------------------
01/25/2018 15:34:47
Type : System.Exception, mscorlib, Version=4.0.0.0, Culture=neutral, PublicKeyToken=b77a5c561934e089
Message : Wrong custom field 'Day' for type 'Telerik.Sitefinity.DynamicTypes.Model.Course.Course'
Source : Telerik.Sitefinity.Model
Help link : 
Data : System.Collections.ListDictionaryInternal
TargetSite : System.Object GetValue(Telerik.Sitefinity.Model.IDynamicFieldsContainer, System.String)
HResult : -2146233088
Stack Trace :    at Telerik.Sitefinity.Model.DataExtensions.GetValue(IDynamicFieldsContainer dataItem, String fieldName)
   at ASP._MVC_Views_Shared__SliderTileCourse_cshtml.Execute() in D:\Projects\Learn\Sitefinity\VarsityII\obj\CodeGen\MVC\MVC\Views\Shared\_SliderTileCourse.cshtml:line 11
   at System.Web.WebPages.WebPageBase.ExecutePageHierarchy()
   at System.Web.Mvc.WebViewPage.ExecutePageHierarchy()
   at System.Web.WebPages.WebPageBase.ExecutePageHierarchy(WebPageContext pageContext, TextWriter writer, WebPageRenderingBase startPage)
   at RazorGenerator.Mvc.PrecompiledMvcView.Render(ViewContext viewContext, TextWriter writer)
   at ASP.PartialExtensions.RenderPartialInternal(HtmlHelper htmlHelper, String partialViewName, ViewDataDictionary viewData, Object model, TextWriter writer)
   at ASP.PartialExtensions.RenderPartial(HtmlHelper htmlHelper, String partialViewName, Object model)
   at ASP._MVC_Views_Slider_Course_cshtml.Execute() in D:\Projects\Learn\Sitefinity\VarsityII\obj\CodeGen\MVC\MVC\Views\Slider\Course.cshtml:line 7
   at System.Web.WebPages.WebPageBase.ExecutePageHierarchy()
   at System.Web.Mvc.WebViewPage.ExecutePageHierarchy()
   at System.Web.WebPages.WebPageBase.ExecutePageHierarchy(WebPageContext pageContext, TextWriter writer, WebPageRenderingBase startPage)
   at RazorGenerator.Mvc.PrecompiledMvcView.Render(ViewContext viewContext, TextWriter writer)
   at System.Web.Mvc.ViewResultBase.ExecuteResult(ControllerContext context)
   at System.Web.Mvc.ControllerActionInvoker.InvokeActionResult(ControllerContext controllerContext, ActionResult actionResult)
   at System.Web.Mvc.ControllerActionInvoker.InvokeActionResultFilterRecursive(IList`1 filters, Int32 filterIndex, ResultExecutingContext preContext, ControllerContext controllerContext, ActionResult actionResult)
   at System.Web.Mvc.ControllerActionInvoker.InvokeActionResultFilterRecursive(IList`1 filters, Int32 filterIndex, ResultExecutingContext preContext, ControllerContext controllerContext, ActionResult actionResult)
   at System.Web.Mvc.ControllerActionInvoker.InvokeActionResultFilterRecursive(IList`1 filters, Int32 filterIndex, ResultExecutingContext preContext, ControllerContext controllerContext, ActionResult actionResult)
   at System.Web.Mvc.ControllerActionInvoker.InvokeActionResultFilterRecursive(IList`1 filters, Int32 filterIndex, ResultExecutingContext preContext, ControllerContext controllerContext, ActionResult actionResult)
   at System.Web.Mvc.ControllerActionInvoker.InvokeActionResultFilterRecursive(IList`1 filters, Int32 filterIndex, ResultExecutingContext preContext, ControllerContext controllerContext, ActionResult actionResult)
   at System.Web.Mvc.ControllerActionInvoker.InvokeActionResultFilterRecursive(IList`1 filters, Int32 filterIndex, ResultExecutingContext preContext, ControllerContext controllerContext, ActionResult actionResult)
   at System.Web.Mvc.ControllerActionInvoker.InvokeActionResultFilterRecursive(IList`1 filters, Int32 filterIndex, ResultExecutingContext preContext, ControllerContext controllerContext, ActionResult actionResult)
   at System.Web.Mvc.ControllerActionInvoker.InvokeActionResultFilterRecursive(IList`1 filters, Int32 filterIndex, ResultExecutingContext preContext, ControllerContext controllerContext, ActionResult actionResult)
   at System.Web.Mvc.ControllerActionInvoker.InvokeActionResultWithFilters(ControllerContext controllerContext, IList`1 filters, ActionResult actionResult)
   at System.Web.Mvc.ControllerActionInvoker.InvokeAction(ControllerContext controllerContext, String actionName)
   at Telerik.Sitefinity.Mvc.ControllerWrapper.Execute()
   at Telerik.Sitefinity.Mvc.ControllerActionInvoker.ExecuteController(MvcProxyBase proxyControl)
   at Telerik.Sitefinity.Frontend.Mvc.Infrastructure.Routing.FeatherActionInvoker.ExecuteController(MvcProxyBase proxyControl)

Additional Info:

MachineName : CPL17H2
TimeStamp : 1/25/2018 8:34:47 AM
FullName : Telerik.Sitefinity.Utilities, Version=10.2.6602.0, Culture=neutral, PublicKeyToken=b28c218413bdf563
AppDomainName : /LM/W3SVC/1/ROOT-6-131613426958514076
ThreadIdentity : tannguyen24894@gmail.com
WindowsIdentity : KMS\tannguyen
Requested URL : http://localhost:45941/


Category: ErrorLog

Priority: 0

EventId: 9010

Severity: Warning

Title:Enterprise Library Exception Handling

Machine: CPL17H2

App Domain: /LM/W3SVC/1/ROOT-6-131613426958514076

ProcessId: 14812

Process Name: C:\Program Files (x86)\IIS Express\IISExpress.exe

Thread Name: 

Win32 ThreadId:16672

Extended Properties: 
----------------------------------------
----------------------------------------
ActivityId: 00000000-0000-0000-0000-000000000000

Timestamp: 1/25/2018 8:46:41 AM

Message: Timestamp: 1/25/2018 8:46:41 AM
Message: System.AggregateException: One or more errors occurred. ---> System.OutOfMemoryException: Exception of type 'System.OutOfMemoryException' was thrown.
   at System.Reflection.RuntimeAssembly._nLoad(AssemblyName fileName, String codeBase, Evidence assemblySecurity, RuntimeAssembly locationHint, StackCrawlMark& stackMark, IntPtr pPrivHostBinder, Boolean throwOnFileNotFound, Boolean forIntrospection, Boolean suppressSecurityChecks)
   at System.Reflection.RuntimeAssembly.nLoad(AssemblyName fileName, String codeBase, Evidence assemblySecurity, RuntimeAssembly locationHint, StackCrawlMark& stackMark, IntPtr pPrivHostBinder, Boolean throwOnFileNotFound, Boolean forIntrospection, Boolean suppressSecurityChecks)
   at System.Reflection.RuntimeAssembly.InternalLoadAssemblyName(AssemblyName assemblyRef, Evidence assemblySecurity, RuntimeAssembly reqAssembly, StackCrawlMark& stackMark, IntPtr pPrivHostBinder, Boolean throwOnFileNotFound, Boolean forIntrospection, Boolean suppressSecurityChecks)
   at System.Reflection.RuntimeAssembly.InternalLoadFrom(String assemblyFile, Evidence securityEvidence, Byte[] hashValue, AssemblyHashAlgorithm hashAlgorithm, Boolean forIntrospection, Boolean suppressSecurityChecks, StackCrawlMark& stackMark)
   at System.Reflection.Assembly.ReflectionOnlyLoadFrom(String assemblyFile)
   at Telerik.Sitefinity.Frontend.Mvc.Infrastructure.Controllers.ControllerContainerInitializer.IsMarkedAssembly[TAttribute](String assemblyFileName)
   at Telerik.Sitefinity.Frontend.Mvc.Infrastructure.Controllers.ControllerContainerInitializer.IsControllerContainer(String assemblyFileName)
   at Telerik.Sitefinity.Frontend.Mvc.Infrastructure.Controllers.ControllerContainerInitializer.RetrieveAssembly(String assemblyFileName)
   at Telerik.Sitefinity.Frontend.Mvc.Infrastructure.Controllers.ControllerContainerInitializer.<>c__DisplayClass11.<RetrieveAssemblyAsync>b__10()
   at System.Threading.Tasks.Task`1.InnerInvoke()
   at System.Threading.Tasks.Task.Execute()
   --- End of inner exception stack trace ---
   at System.Threading.Tasks.Task.WaitAll(Task[] tasks, Int32 millisecondsTimeout, CancellationToken cancellationToken)
   at Telerik.Sitefinity.Frontend.Mvc.Infrastructure.Controllers.ControllerContainerInitializer.RetrieveAssemblies()
   at Telerik.Sitefinity.Frontend.Mvc.Infrastructure.Controllers.ControllerContainerInitializer.get_ControllerContainerAssemblies()
   at Telerik.Sitefinity.Frontend.FrontendModule.InitializeDependencyResolver()
   at Telerik.Sitefinity.Frontend.FrontendModule.Load()
   at Telerik.Sitefinity.Services.SystemManager.Initialize()
   at Telerik.Sitefinity.Abstractions.Bootstrapper.RegisterRoutes()
   at Telerik.Sitefinity.Abstractions.Bootstrapper.Bootstrap()
   at Telerik.Sitefinity.Web.SitefinityHttpModule.<Init>b__2(Object ctx)
   at System.Threading.Tasks.Task.InnerInvoke()
   at System.Threading.Tasks.Task.Execute()
---> (Inner Exception #0) System.OutOfMemoryException: Exception of type 'System.OutOfMemoryException' was thrown.
   at System.Reflection.RuntimeAssembly._nLoad(AssemblyName fileName, String codeBase, Evidence assemblySecurity, RuntimeAssembly locationHint, StackCrawlMark& stackMark, IntPtr pPrivHostBinder, Boolean throwOnFileNotFound, Boolean forIntrospection, Boolean suppressSecurityChecks)
   at System.Reflection.RuntimeAssembly.nLoad(AssemblyName fileName, String codeBase, Evidence assemblySecurity, RuntimeAssembly locationHint, StackCrawlMark& stackMark, IntPtr pPrivHostBinder, Boolean throwOnFileNotFound, Boolean forIntrospection, Boolean suppressSecurityChecks)
   at System.Reflection.RuntimeAssembly.InternalLoadAssemblyName(AssemblyName assemblyRef, Evidence assemblySecurity, RuntimeAssembly reqAssembly, StackCrawlMark& stackMark, IntPtr pPrivHostBinder, Boolean throwOnFileNotFound, Boolean forIntrospection, Boolean suppressSecurityChecks)
   at System.Reflection.RuntimeAssembly.InternalLoadFrom(String assemblyFile, Evidence securityEvidence, Byte[] hashValue, AssemblyHashAlgorithm hashAlgorithm, Boolean forIntrospection, Boolean suppressSecurityChecks, StackCrawlMark& stackMark)
   at System.Reflection.Assembly.ReflectionOnlyLoadFrom(String assemblyFile)
   at Telerik.Sitefinity.Frontend.Mvc.Infrastructure.Controllers.ControllerContainerInitializer.IsMarkedAssembly[TAttribute](String assemblyFileName)
   at Telerik.Sitefinity.Frontend.Mvc.Infrastructure.Controllers.ControllerContainerInitializer.IsControllerContainer(String assemblyFileName)
   at Telerik.Sitefinity.Frontend.Mvc.Infrastructure.Controllers.ControllerContainerInitializer.RetrieveAssembly(String assemblyFileName)
   at Telerik.Sitefinity.Frontend.Mvc.Infrastructure.Controllers.ControllerContainerInitializer.<>c__DisplayClass11.<RetrieveAssemblyAsync>b__10()
   at System.Threading.Tasks.Task`1.InnerInvoke()
   at System.Threading.Tasks.Task.Execute()<---

Category: 
Priority: -1
EventId: 0
Severity: Critical
Title:
Machine: CPL17H2
App Domain: /LM/W3SVC/1/ROOT-9-131613435714454442
ProcessId: 14812
Process Name: C:\Program Files (x86)\IIS Express\IISExpress.exe
Thread Name: 
Win32 ThreadId:10268
Extended Properties: 

Category: ErrorLog

Priority: -1

EventId: 1

Severity: Information

Title:

Machine: CPL17H2

App Domain: /LM/W3SVC/1/ROOT-9-131613435714454442

ProcessId: 14812

Process Name: C:\Program Files (x86)\IIS Express\IISExpress.exe

Thread Name: 

Win32 ThreadId:10268

Extended Properties: 
----------------------------------------
----------------------------------------
ActivityId: 00000000-0000-0000-0000-000000000000

Timestamp: 1/25/2018 9:21:20 AM

Message: HandlingInstanceID: 19630396-418f-4cfb-aeff-5a94f79062b3
An exception of type 'Telerik.Sitefinity.SitefinityExceptions.ItemNotFoundException' occurred and was caught.
-------------------------------------------------------------------------------------------------------------
01/25/2018 16:21:20
Type : Telerik.Sitefinity.SitefinityExceptions.ItemNotFoundException, Telerik.Sitefinity, Version=10.2.6602.0, Culture=neutral, PublicKeyToken=b28c218413bdf563
Message : You are trying to access Course item with id 00000000-0000-0000-0000-000000000000 that no longer exists. The most probable reason is that it has been deleted by another user.
Source : Unity_ILEmit_DynamicClasses
Help link : 
Data : System.Collections.ListDictionaryInternal
TargetSite : Telerik.Sitefinity.DynamicModules.Model.DynamicContent GetDataItem(System.Type, System.Guid)
HResult : -2146233088
Stack Trace :    at DynamicModule.ns.Wrapped_OpenAccessDynamicModuleProvider_543708345448441bac751a771604376f.GetDataItem(Type itemType, Guid id)
   at Telerik.Sitefinity.DynamicModules.DynamicModuleManager.Provider_Executed(Object sender, ExecutedEventArgs args)

Additional Info:

MachineName : CPL17H2
TimeStamp : 1/25/2018 9:21:20 AM
FullName : Telerik.Sitefinity.Utilities, Version=10.2.6602.0, Culture=neutral, PublicKeyToken=b28c218413bdf563
AppDomainName : /LM/W3SVC/1/ROOT-5-131613455485231637
ThreadIdentity : 
WindowsIdentity : KMS\tannguyen
Requested URL : http://localhost:9058/Sitefinity/Services/DynamicModules/Data.svc/batch/?managerType=Telerik.Sitefinity.DynamicModules.DynamicModuleManager&providerName=OpenAccessProvider&itemType=Telerik.Sitefinity.DynamicTypes.Model.Course.Course&provider=OpenAccessProvider&sortExpression=LastModified DESC&skip=0&take=50


Category: ErrorLog

Priority: 0

EventId: 90060

Severity: Error

Title:Enterprise Library Exception Handling

Machine: CPL17H2

App Domain: /LM/W3SVC/1/ROOT-5-131613455485231637

ProcessId: 7076

Process Name: C:\Program Files (x86)\IIS Express\IISExpress.exe

Thread Name: 

Win32 ThreadId:14676

Extended Properties: 
----------------------------------------
----------------------------------------
ActivityId: 00000000-0000-0000-0000-000000000000

Timestamp: 1/25/2018 10:20:15 AM

Message: HandlingInstanceID: 8e5bf7fc-71ef-45fd-9b52-a9c1060e0dc8
An exception of type 'System.NullReferenceException' occurred and was caught.
-----------------------------------------------------------------------------
01/25/2018 17:20:15
Type : System.NullReferenceException, mscorlib, Version=4.0.0.0, Culture=neutral, PublicKeyToken=b77a5c561934e089
Message : Object reference not set to an instance of an object.
Source : SitefinityWebApp
Help link : 
Data : System.Collections.ListDictionaryInternal
TargetSite : Void Execute()
HResult : -2147467261
Stack Trace :    at ASP._MVC_Views_Slider_Default_cshtml.Execute() in D:\Projects\Learn\Sitefinity\VarsityII\obj\CodeGen\MVC\MVC\Views\Slider\Default.cshtml:line 5
   at System.Web.WebPages.WebPageBase.ExecutePageHierarchy()
   at System.Web.Mvc.WebViewPage.ExecutePageHierarchy()
   at System.Web.WebPages.WebPageBase.ExecutePageHierarchy(WebPageContext pageContext, TextWriter writer, WebPageRenderingBase startPage)
   at RazorGenerator.Mvc.PrecompiledMvcView.Render(ViewContext viewContext, TextWriter writer)
   at System.Web.Mvc.ViewResultBase.ExecuteResult(ControllerContext context)
   at System.Web.Mvc.ControllerActionInvoker.InvokeActionResult(ControllerContext controllerContext, ActionResult actionResult)
   at System.Web.Mvc.ControllerActionInvoker.InvokeActionResultFilterRecursive(IList`1 filters, Int32 filterIndex, ResultExecutingContext preContext, ControllerContext controllerContext, ActionResult actionResult)
   at System.Web.Mvc.ControllerActionInvoker.InvokeActionResultFilterRecursive(IList`1 filters, Int32 filterIndex, ResultExecutingContext preContext, ControllerContext controllerContext, ActionResult actionResult)
   at System.Web.Mvc.ControllerActionInvoker.InvokeActionResultFilterRecursive(IList`1 filters, Int32 filterIndex, ResultExecutingContext preContext, ControllerContext controllerContext, ActionResult actionResult)
   at System.Web.Mvc.ControllerActionInvoker.InvokeActionResultFilterRecursive(IList`1 filters, Int32 filterIndex, ResultExecutingContext preContext, ControllerContext controllerContext, ActionResult actionResult)
   at System.Web.Mvc.ControllerActionInvoker.InvokeActionResultFilterRecursive(IList`1 filters, Int32 filterIndex, ResultExecutingContext preContext, ControllerContext controllerContext, ActionResult actionResult)
   at System.Web.Mvc.ControllerActionInvoker.InvokeActionResultFilterRecursive(IList`1 filters, Int32 filterIndex, ResultExecutingContext preContext, ControllerContext controllerContext, ActionResult actionResult)
   at System.Web.Mvc.ControllerActionInvoker.InvokeActionResultFilterRecursive(IList`1 filters, Int32 filterIndex, ResultExecutingContext preContext, ControllerContext controllerContext, ActionResult actionResult)
   at System.Web.Mvc.ControllerActionInvoker.InvokeActionResultFilterRecursive(IList`1 filters, Int32 filterIndex, ResultExecutingContext preContext, ControllerContext controllerContext, ActionResult actionResult)
   at System.Web.Mvc.ControllerActionInvoker.InvokeActionResultWithFilters(ControllerContext controllerContext, IList`1 filters, ActionResult actionResult)
   at System.Web.Mvc.ControllerActionInvoker.InvokeAction(ControllerContext controllerContext, String actionName)
   at Telerik.Sitefinity.Mvc.ControllerWrapper.Execute()
   at Telerik.Sitefinity.Mvc.ControllerActionInvoker.ExecuteController(MvcProxyBase proxyControl)
   at Telerik.Sitefinity.Frontend.Mvc.Infrastructure.Routing.FeatherActionInvoker.ExecuteController(MvcProxyBase proxyControl)

Additional Info:

MachineName : CPL17H2
TimeStamp : 1/25/2018 10:20:15 AM
FullName : Telerik.Sitefinity.Utilities, Version=10.2.6602.0, Culture=neutral, PublicKeyToken=b28c218413bdf563
AppDomainName : /LM/W3SVC/1/ROOT-8-131613482533009876
ThreadIdentity : tannguyen24894@gmail.com
WindowsIdentity : KMS\tannguyen
Requested URL : http://localhost:9058/home/Action/Edit


Category: ErrorLog

Priority: 0

EventId: 9010

Severity: Warning

Title:Enterprise Library Exception Handling

Machine: CPL17H2

App Domain: /LM/W3SVC/1/ROOT-8-131613482533009876

ProcessId: 7076

Process Name: C:\Program Files (x86)\IIS Express\IISExpress.exe

Thread Name: 

Win32 ThreadId:21160

Extended Properties: 
----------------------------------------
----------------------------------------
ActivityId: 6d81022b-bf23-479a-abee-917d9e6ad614

Timestamp: 1/25/2018 4:49:09 PM

Message: HandlingInstanceID: 219a73a4-cd97-4416-bdca-139c13db5a58
An exception of type 'System.NullReferenceException' occurred and was caught.
-----------------------------------------------------------------------------
01/25/2018 23:49:09
Type : System.NullReferenceException, mscorlib, Version=4.0.0.0, Culture=neutral, PublicKeyToken=b77a5c561934e089
Message : Object reference not set to an instance of an object.
Source : SitefinityWebApp
Help link : 
Data : System.Collections.ListDictionaryInternal
TargetSite : System.Collections.Generic.IList`1[Telerik.Sitefinity.GenericContent.Model.ContentItem] GetContentItems()
HResult : -2147467261
Stack Trace :    at SitefinityWebApp.Mvc.Controllers.PaginationController.GetContentItems() in D:\Projects\Learn\Sitefinity\VarsityII\Mvc\Controllers\PaginationController.cs:line 76
   at SitefinityWebApp.Mvc.Controllers.PaginationController.Index(Nullable`1 page) in D:\Projects\Learn\Sitefinity\VarsityII\Mvc\Controllers\PaginationController.cs:line 55
   at lambda_method(Closure , ControllerBase , Object[] )
   at System.Web.Mvc.ActionMethodDispatcher.Execute(ControllerBase controller, Object[] parameters)
   at System.Web.Mvc.ReflectedActionDescriptor.Execute(ControllerContext controllerContext, IDictionary`2 parameters)
   at System.Web.Mvc.ControllerActionInvoker.InvokeActionMethod(ControllerContext controllerContext, ActionDescriptor actionDescriptor, IDictionary`2 parameters)
   at System.Web.Mvc.ControllerActionInvoker.<>c__DisplayClass15.<InvokeActionMethodWithFilters>b__12()
   at System.Web.Mvc.ControllerActionInvoker.InvokeActionMethodFilter(IActionFilter filter, ActionExecutingContext preContext, Func`1 continuation)
   at System.Web.Mvc.ControllerActionInvoker.<>c__DisplayClass15.<>c__DisplayClass17.<InvokeActionMethodWithFilters>b__14()
   at System.Web.Mvc.ControllerActionInvoker.InvokeActionMethodFilter(IActionFilter filter, ActionExecutingContext preContext, Func`1 continuation)
   at System.Web.Mvc.ControllerActionInvoker.<>c__DisplayClass15.<>c__DisplayClass17.<InvokeActionMethodWithFilters>b__14()
   at System.Web.Mvc.ControllerActionInvoker.InvokeActionMethodFilter(IActionFilter filter, ActionExecutingContext preContext, Func`1 continuation)
   at System.Web.Mvc.ControllerActionInvoker.<>c__DisplayClass15.<>c__DisplayClass17.<InvokeActionMethodWithFilters>b__14()
   at System.Web.Mvc.ControllerActionInvoker.InvokeActionMethodFilter(IActionFilter filter, ActionExecutingContext preContext, Func`1 continuation)
   at System.Web.Mvc.ControllerActionInvoker.<>c__DisplayClass15.<>c__DisplayClass17.<InvokeActionMethodWithFilters>b__14()
   at System.Web.Mvc.ControllerActionInvoker.InvokeActionMethodFilter(IActionFilter filter, ActionExecutingContext preContext, Func`1 continuation)
   at System.Web.Mvc.ControllerActionInvoker.<>c__DisplayClass15.<>c__DisplayClass17.<InvokeActionMethodWithFilters>b__14()
   at System.Web.Mvc.ControllerActionInvoker.InvokeActionMethodFilter(IActionFilter filter, ActionExecutingContext preContext, Func`1 continuation)
   at System.Web.Mvc.ControllerActionInvoker.<>c__DisplayClass15.<>c__DisplayClass17.<InvokeActionMethodWithFilters>b__14()
   at System.Web.Mvc.ControllerActionInvoker.InvokeActionMethodFilter(IActionFilter filter, ActionExecutingContext preContext, Func`1 continuation)
   at System.Web.Mvc.ControllerActionInvoker.<>c__DisplayClass15.<>c__DisplayClass17.<InvokeActionMethodWithFilters>b__14()
   at System.Web.Mvc.ControllerActionInvoker.InvokeActionMethodWithFilters(ControllerContext controllerContext, IList`1 filters, ActionDescriptor actionDescriptor, IDictionary`2 parameters)
   at System.Web.Mvc.ControllerActionInvoker.InvokeAction(ControllerContext controllerContext, String actionName)
   at Telerik.Sitefinity.Mvc.ControllerWrapper.Execute()
   at Telerik.Sitefinity.Mvc.ControllerActionInvoker.ExecuteController(MvcProxyBase proxyControl)
   at Telerik.Sitefinity.Frontend.Mvc.Infrastructure.Routing.FeatherActionInvoker.ExecuteController(MvcProxyBase proxyControl)

Additional Info:

MachineName : CPL17H2
TimeStamp : 1/25/2018 4:49:09 PM
FullName : Telerik.Sitefinity.Utilities, Version=10.2.6602.0, Culture=neutral, PublicKeyToken=b28c218413bdf563
AppDomainName : /LM/W3SVC/1/ROOT-1-131613722132722702
ThreadIdentity : Anonymous
WindowsIdentity : KMS\tannguyen
Requested URL : http://localhost:60191/course-archive


Category: ErrorLog

Priority: 0

EventId: 9010

Severity: Warning

Title:Enterprise Library Exception Handling

Machine: CPL17H2

App Domain: /LM/W3SVC/1/ROOT-1-131613722132722702

ProcessId: 9532

Process Name: C:\Program Files (x86)\IIS Express\IISExpress.exe

Thread Name: 

Win32 ThreadId:17356

Extended Properties: 
----------------------------------------
----------------------------------------
ActivityId: 108f510d-cfbe-4563-8945-bd2a14096e14

Timestamp: 1/25/2018 4:57:55 PM

Message: HandlingInstanceID: 0d51486a-deb8-42b6-ad05-e2370bee4ca5
An exception of type 'System.NullReferenceException' occurred and was caught.
-----------------------------------------------------------------------------
01/25/2018 23:57:55
Type : System.NullReferenceException, mscorlib, Version=4.0.0.0, Culture=neutral, PublicKeyToken=b77a5c561934e089
Message : Object reference not set to an instance of an object.
Source : SitefinityWebApp
Help link : 
Data : System.Collections.ListDictionaryInternal
TargetSite : System.Collections.Generic.IList`1[Telerik.Sitefinity.GenericContent.Model.ContentItem] GetContentItems()
HResult : -2147467261
Stack Trace :    at SitefinityWebApp.Mvc.Controllers.PaginationController.GetContentItems() in D:\Projects\Learn\Sitefinity\VarsityII\Mvc\Controllers\PaginationController.cs:line 76
   at SitefinityWebApp.Mvc.Controllers.PaginationController.Index(Nullable`1 page) in D:\Projects\Learn\Sitefinity\VarsityII\Mvc\Controllers\PaginationController.cs:line 55
   at lambda_method(Closure , ControllerBase , Object[] )
   at System.Web.Mvc.ActionMethodDispatcher.Execute(ControllerBase controller, Object[] parameters)
   at System.Web.Mvc.ReflectedActionDescriptor.Execute(ControllerContext controllerContext, IDictionary`2 parameters)
   at System.Web.Mvc.ControllerActionInvoker.InvokeActionMethod(ControllerContext controllerContext, ActionDescriptor actionDescriptor, IDictionary`2 parameters)
   at System.Web.Mvc.ControllerActionInvoker.<>c__DisplayClass15.<InvokeActionMethodWithFilters>b__12()
   at System.Web.Mvc.ControllerActionInvoker.InvokeActionMethodFilter(IActionFilter filter, ActionExecutingContext preContext, Func`1 continuation)
   at System.Web.Mvc.ControllerActionInvoker.<>c__DisplayClass15.<>c__DisplayClass17.<InvokeActionMethodWithFilters>b__14()
   at System.Web.Mvc.ControllerActionInvoker.InvokeActionMethodFilter(IActionFilter filter, ActionExecutingContext preContext, Func`1 continuation)
   at System.Web.Mvc.ControllerActionInvoker.<>c__DisplayClass15.<>c__DisplayClass17.<InvokeActionMethodWithFilters>b__14()
   at System.Web.Mvc.ControllerActionInvoker.InvokeActionMethodFilter(IActionFilter filter, ActionExecutingContext preContext, Func`1 continuation)
   at System.Web.Mvc.ControllerActionInvoker.<>c__DisplayClass15.<>c__DisplayClass17.<InvokeActionMethodWithFilters>b__14()
   at System.Web.Mvc.ControllerActionInvoker.InvokeActionMethodFilter(IActionFilter filter, ActionExecutingContext preContext, Func`1 continuation)
   at System.Web.Mvc.ControllerActionInvoker.<>c__DisplayClass15.<>c__DisplayClass17.<InvokeActionMethodWithFilters>b__14()
   at System.Web.Mvc.ControllerActionInvoker.InvokeActionMethodFilter(IActionFilter filter, ActionExecutingContext preContext, Func`1 continuation)
   at System.Web.Mvc.ControllerActionInvoker.<>c__DisplayClass15.<>c__DisplayClass17.<InvokeActionMethodWithFilters>b__14()
   at System.Web.Mvc.ControllerActionInvoker.InvokeActionMethodFilter(IActionFilter filter, ActionExecutingContext preContext, Func`1 continuation)
   at System.Web.Mvc.ControllerActionInvoker.<>c__DisplayClass15.<>c__DisplayClass17.<InvokeActionMethodWithFilters>b__14()
   at System.Web.Mvc.ControllerActionInvoker.InvokeActionMethodFilter(IActionFilter filter, ActionExecutingContext preContext, Func`1 continuation)
   at System.Web.Mvc.ControllerActionInvoker.<>c__DisplayClass15.<>c__DisplayClass17.<InvokeActionMethodWithFilters>b__14()
   at System.Web.Mvc.ControllerActionInvoker.InvokeActionMethodWithFilters(ControllerContext controllerContext, IList`1 filters, ActionDescriptor actionDescriptor, IDictionary`2 parameters)
   at System.Web.Mvc.ControllerActionInvoker.InvokeAction(ControllerContext controllerContext, String actionName)
   at Telerik.Sitefinity.Mvc.ControllerWrapper.Execute()
   at Telerik.Sitefinity.Mvc.ControllerActionInvoker.ExecuteController(MvcProxyBase proxyControl)
   at Telerik.Sitefinity.Frontend.Mvc.Infrastructure.Routing.FeatherActionInvoker.ExecuteController(MvcProxyBase proxyControl)

Additional Info:

MachineName : CPL17H2
TimeStamp : 1/25/2018 4:57:55 PM
FullName : Telerik.Sitefinity.Utilities, Version=10.2.6602.0, Culture=neutral, PublicKeyToken=b28c218413bdf563
AppDomainName : /LM/W3SVC/1/ROOT-1-131613722132722702
ThreadIdentity : tannguyen24894@gmail.com
WindowsIdentity : KMS\tannguyen
Requested URL : http://localhost:60191/course-archive/Action/Edit


Category: ErrorLog

Priority: 0

EventId: 9010

Severity: Warning

Title:Enterprise Library Exception Handling

Machine: CPL17H2

App Domain: /LM/W3SVC/1/ROOT-1-131613722132722702

ProcessId: 9532

Process Name: C:\Program Files (x86)\IIS Express\IISExpress.exe

Thread Name: 

Win32 ThreadId:15100

Extended Properties: 
----------------------------------------
----------------------------------------
ActivityId: c21c6d5c-37dc-4de5-95ce-322d341adaa4

Timestamp: 1/25/2018 4:58:27 PM

Message: HandlingInstanceID: d22abd01-f87c-4ddd-b885-fb02d062d44b
An exception of type 'System.NullReferenceException' occurred and was caught.
-----------------------------------------------------------------------------
01/25/2018 23:58:27
Type : System.NullReferenceException, mscorlib, Version=4.0.0.0, Culture=neutral, PublicKeyToken=b77a5c561934e089
Message : Object reference not set to an instance of an object.
Source : SitefinityWebApp
Help link : 
Data : System.Collections.ListDictionaryInternal
TargetSite : System.Collections.Generic.IList`1[Telerik.Sitefinity.GenericContent.Model.ContentItem] GetContentItems()
HResult : -2147467261
Stack Trace :    at SitefinityWebApp.Mvc.Controllers.PaginationController.GetContentItems() in D:\Projects\Learn\Sitefinity\VarsityII\Mvc\Controllers\PaginationController.cs:line 76
   at SitefinityWebApp.Mvc.Controllers.PaginationController.Index(Nullable`1 page) in D:\Projects\Learn\Sitefinity\VarsityII\Mvc\Controllers\PaginationController.cs:line 55
   at lambda_method(Closure , ControllerBase , Object[] )
   at System.Web.Mvc.ActionMethodDispatcher.Execute(ControllerBase controller, Object[] parameters)
   at System.Web.Mvc.ReflectedActionDescriptor.Execute(ControllerContext controllerContext, IDictionary`2 parameters)
   at System.Web.Mvc.ControllerActionInvoker.InvokeActionMethod(ControllerContext controllerContext, ActionDescriptor actionDescriptor, IDictionary`2 parameters)
   at System.Web.Mvc.ControllerActionInvoker.<>c__DisplayClass15.<InvokeActionMethodWithFilters>b__12()
   at System.Web.Mvc.ControllerActionInvoker.InvokeActionMethodFilter(IActionFilter filter, ActionExecutingContext preContext, Func`1 continuation)
   at System.Web.Mvc.ControllerActionInvoker.<>c__DisplayClass15.<>c__DisplayClass17.<InvokeActionMethodWithFilters>b__14()
   at System.Web.Mvc.ControllerActionInvoker.InvokeActionMethodFilter(IActionFilter filter, ActionExecutingContext preContext, Func`1 continuation)
   at System.Web.Mvc.ControllerActionInvoker.<>c__DisplayClass15.<>c__DisplayClass17.<InvokeActionMethodWithFilters>b__14()
   at System.Web.Mvc.ControllerActionInvoker.InvokeActionMethodFilter(IActionFilter filter, ActionExecutingContext preContext, Func`1 continuation)
   at System.Web.Mvc.ControllerActionInvoker.<>c__DisplayClass15.<>c__DisplayClass17.<InvokeActionMethodWithFilters>b__14()
   at System.Web.Mvc.ControllerActionInvoker.InvokeActionMethodFilter(IActionFilter filter, ActionExecutingContext preContext, Func`1 continuation)
   at System.Web.Mvc.ControllerActionInvoker.<>c__DisplayClass15.<>c__DisplayClass17.<InvokeActionMethodWithFilters>b__14()
   at System.Web.Mvc.ControllerActionInvoker.InvokeActionMethodFilter(IActionFilter filter, ActionExecutingContext preContext, Func`1 continuation)
   at System.Web.Mvc.ControllerActionInvoker.<>c__DisplayClass15.<>c__DisplayClass17.<InvokeActionMethodWithFilters>b__14()
   at System.Web.Mvc.ControllerActionInvoker.InvokeActionMethodFilter(IActionFilter filter, ActionExecutingContext preContext, Func`1 continuation)
   at System.Web.Mvc.ControllerActionInvoker.<>c__DisplayClass15.<>c__DisplayClass17.<InvokeActionMethodWithFilters>b__14()
   at System.Web.Mvc.ControllerActionInvoker.InvokeActionMethodFilter(IActionFilter filter, ActionExecutingContext preContext, Func`1 continuation)
   at System.Web.Mvc.ControllerActionInvoker.<>c__DisplayClass15.<>c__DisplayClass17.<InvokeActionMethodWithFilters>b__14()
   at System.Web.Mvc.ControllerActionInvoker.InvokeActionMethodWithFilters(ControllerContext controllerContext, IList`1 filters, ActionDescriptor actionDescriptor, IDictionary`2 parameters)
   at System.Web.Mvc.ControllerActionInvoker.InvokeAction(ControllerContext controllerContext, String actionName)
   at Telerik.Sitefinity.Mvc.ControllerWrapper.Execute()
   at Telerik.Sitefinity.Mvc.ControllerActionInvoker.ExecuteController(MvcProxyBase proxyControl)
   at Telerik.Sitefinity.Frontend.Mvc.Infrastructure.Routing.FeatherActionInvoker.ExecuteController(MvcProxyBase proxyControl)

Additional Info:

MachineName : CPL17H2
TimeStamp : 1/25/2018 4:58:27 PM
FullName : Telerik.Sitefinity.Utilities, Version=10.2.6602.0, Culture=neutral, PublicKeyToken=b28c218413bdf563
AppDomainName : /LM/W3SVC/1/ROOT-1-131613722132722702
ThreadIdentity : tannguyen24894@gmail.com
WindowsIdentity : KMS\tannguyen
Requested URL : http://localhost:60191/zxc/Action/Edit


Category: ErrorLog

Priority: 0

EventId: 9010

Severity: Warning

Title:Enterprise Library Exception Handling

Machine: CPL17H2

App Domain: /LM/W3SVC/1/ROOT-1-131613722132722702

ProcessId: 9532

Process Name: C:\Program Files (x86)\IIS Express\IISExpress.exe

Thread Name: 

Win32 ThreadId:15652

Extended Properties: 
----------------------------------------
----------------------------------------
ActivityId: 7146386f-e27a-48c5-bd0f-b5b67ba99370

Timestamp: 1/25/2018 4:58:53 PM

Message: HandlingInstanceID: ecefd941-0626-4158-a44c-53b5b9449846
An exception of type 'System.NullReferenceException' occurred and was caught.
-----------------------------------------------------------------------------
01/25/2018 23:58:53
Type : System.NullReferenceException, mscorlib, Version=4.0.0.0, Culture=neutral, PublicKeyToken=b77a5c561934e089
Message : Object reference not set to an instance of an object.
Source : SitefinityWebApp
Help link : 
Data : System.Collections.ListDictionaryInternal
TargetSite : System.Collections.Generic.IList`1[Telerik.Sitefinity.GenericContent.Model.ContentItem] GetContentItems()
HResult : -2147467261
Stack Trace :    at SitefinityWebApp.Mvc.Controllers.PaginationController.GetContentItems() in D:\Projects\Learn\Sitefinity\VarsityII\Mvc\Controllers\PaginationController.cs:line 76
   at SitefinityWebApp.Mvc.Controllers.PaginationController.Index(Nullable`1 page) in D:\Projects\Learn\Sitefinity\VarsityII\Mvc\Controllers\PaginationController.cs:line 55
   at lambda_method(Closure , ControllerBase , Object[] )
   at System.Web.Mvc.ActionMethodDispatcher.Execute(ControllerBase controller, Object[] parameters)
   at System.Web.Mvc.ReflectedActionDescriptor.Execute(ControllerContext controllerContext, IDictionary`2 parameters)
   at System.Web.Mvc.ControllerActionInvoker.InvokeActionMethod(ControllerContext controllerContext, ActionDescriptor actionDescriptor, IDictionary`2 parameters)
   at System.Web.Mvc.ControllerActionInvoker.<>c__DisplayClass15.<InvokeActionMethodWithFilters>b__12()
   at System.Web.Mvc.ControllerActionInvoker.InvokeActionMethodFilter(IActionFilter filter, ActionExecutingContext preContext, Func`1 continuation)
   at System.Web.Mvc.ControllerActionInvoker.<>c__DisplayClass15.<>c__DisplayClass17.<InvokeActionMethodWithFilters>b__14()
   at System.Web.Mvc.ControllerActionInvoker.InvokeActionMethodFilter(IActionFilter filter, ActionExecutingContext preContext, Func`1 continuation)
   at System.Web.Mvc.ControllerActionInvoker.<>c__DisplayClass15.<>c__DisplayClass17.<InvokeActionMethodWithFilters>b__14()
   at System.Web.Mvc.ControllerActionInvoker.InvokeActionMethodFilter(IActionFilter filter, ActionExecutingContext preContext, Func`1 continuation)
   at System.Web.Mvc.ControllerActionInvoker.<>c__DisplayClass15.<>c__DisplayClass17.<InvokeActionMethodWithFilters>b__14()
   at System.Web.Mvc.ControllerActionInvoker.InvokeActionMethodFilter(IActionFilter filter, ActionExecutingContext preContext, Func`1 continuation)
   at System.Web.Mvc.ControllerActionInvoker.<>c__DisplayClass15.<>c__DisplayClass17.<InvokeActionMethodWithFilters>b__14()
   at System.Web.Mvc.ControllerActionInvoker.InvokeActionMethodFilter(IActionFilter filter, ActionExecutingContext preContext, Func`1 continuation)
   at System.Web.Mvc.ControllerActionInvoker.<>c__DisplayClass15.<>c__DisplayClass17.<InvokeActionMethodWithFilters>b__14()
   at System.Web.Mvc.ControllerActionInvoker.InvokeActionMethodFilter(IActionFilter filter, ActionExecutingContext preContext, Func`1 continuation)
   at System.Web.Mvc.ControllerActionInvoker.<>c__DisplayClass15.<>c__DisplayClass17.<InvokeActionMethodWithFilters>b__14()
   at System.Web.Mvc.ControllerActionInvoker.InvokeActionMethodFilter(IActionFilter filter, ActionExecutingContext preContext, Func`1 continuation)
   at System.Web.Mvc.ControllerActionInvoker.<>c__DisplayClass15.<>c__DisplayClass17.<InvokeActionMethodWithFilters>b__14()
   at System.Web.Mvc.ControllerActionInvoker.InvokeActionMethodWithFilters(ControllerContext controllerContext, IList`1 filters, ActionDescriptor actionDescriptor, IDictionary`2 parameters)
   at System.Web.Mvc.ControllerActionInvoker.InvokeAction(ControllerContext controllerContext, String actionName)
   at Telerik.Sitefinity.Mvc.ControllerWrapper.Execute()
   at Telerik.Sitefinity.Mvc.ControllerActionInvoker.ExecuteController(MvcProxyBase proxyControl)
   at Telerik.Sitefinity.Frontend.Mvc.Infrastructure.Routing.FeatherActionInvoker.ExecuteController(MvcProxyBase proxyControl)

Additional Info:

MachineName : CPL17H2
TimeStamp : 1/25/2018 4:58:53 PM
FullName : Telerik.Sitefinity.Utilities, Version=10.2.6602.0, Culture=neutral, PublicKeyToken=b28c218413bdf563
AppDomainName : /LM/W3SVC/1/ROOT-1-131613722132722702
ThreadIdentity : tannguyen24894@gmail.com
WindowsIdentity : KMS\tannguyen
Requested URL : http://localhost:60191/zxc


Category: ErrorLog

Priority: 0

EventId: 9010

Severity: Warning

Title:Enterprise Library Exception Handling

Machine: CPL17H2

App Domain: /LM/W3SVC/1/ROOT-1-131613722132722702

ProcessId: 9532

Process Name: C:\Program Files (x86)\IIS Express\IISExpress.exe

Thread Name: 

Win32 ThreadId:17848

Extended Properties: 
----------------------------------------
----------------------------------------
ActivityId: 418cb417-c7c5-46ed-9ab0-6ff61411746f

Timestamp: 1/25/2018 4:59:55 PM

Message: HandlingInstanceID: eeb8af50-e1a5-4c15-b468-00c9266db9a5
An exception of type 'System.NullReferenceException' occurred and was caught.
-----------------------------------------------------------------------------
01/25/2018 23:59:55
Type : System.NullReferenceException, mscorlib, Version=4.0.0.0, Culture=neutral, PublicKeyToken=b77a5c561934e089
Message : Object reference not set to an instance of an object.
Source : SitefinityWebApp
Help link : 
Data : System.Collections.ListDictionaryInternal
TargetSite : System.Collections.Generic.IList`1[Telerik.Sitefinity.GenericContent.Model.ContentItem] GetContentItems()
HResult : -2147467261
Stack Trace :    at SitefinityWebApp.Mvc.Controllers.PaginationController.GetContentItems() in D:\Projects\Learn\Sitefinity\VarsityII\Mvc\Controllers\PaginationController.cs:line 76
   at SitefinityWebApp.Mvc.Controllers.PaginationController.Index(Nullable`1 page) in D:\Projects\Learn\Sitefinity\VarsityII\Mvc\Controllers\PaginationController.cs:line 55
   at lambda_method(Closure , ControllerBase , Object[] )
   at System.Web.Mvc.ActionMethodDispatcher.Execute(ControllerBase controller, Object[] parameters)
   at System.Web.Mvc.ReflectedActionDescriptor.Execute(ControllerContext controllerContext, IDictionary`2 parameters)
   at System.Web.Mvc.ControllerActionInvoker.InvokeActionMethod(ControllerContext controllerContext, ActionDescriptor actionDescriptor, IDictionary`2 parameters)
   at System.Web.Mvc.ControllerActionInvoker.<>c__DisplayClass15.<InvokeActionMethodWithFilters>b__12()
   at System.Web.Mvc.ControllerActionInvoker.InvokeActionMethodFilter(IActionFilter filter, ActionExecutingContext preContext, Func`1 continuation)
   at System.Web.Mvc.ControllerActionInvoker.<>c__DisplayClass15.<>c__DisplayClass17.<InvokeActionMethodWithFilters>b__14()
   at System.Web.Mvc.ControllerActionInvoker.InvokeActionMethodFilter(IActionFilter filter, ActionExecutingContext preContext, Func`1 continuation)
   at System.Web.Mvc.ControllerActionInvoker.<>c__DisplayClass15.<>c__DisplayClass17.<InvokeActionMethodWithFilters>b__14()
   at System.Web.Mvc.ControllerActionInvoker.InvokeActionMethodFilter(IActionFilter filter, ActionExecutingContext preContext, Func`1 continuation)
   at System.Web.Mvc.ControllerActionInvoker.<>c__DisplayClass15.<>c__DisplayClass17.<InvokeActionMethodWithFilters>b__14()
   at System.Web.Mvc.ControllerActionInvoker.InvokeActionMethodFilter(IActionFilter filter, ActionExecutingContext preContext, Func`1 continuation)
   at System.Web.Mvc.ControllerActionInvoker.<>c__DisplayClass15.<>c__DisplayClass17.<InvokeActionMethodWithFilters>b__14()
   at System.Web.Mvc.ControllerActionInvoker.InvokeActionMethodFilter(IActionFilter filter, ActionExecutingContext preContext, Func`1 continuation)
   at System.Web.Mvc.ControllerActionInvoker.<>c__DisplayClass15.<>c__DisplayClass17.<InvokeActionMethodWithFilters>b__14()
   at System.Web.Mvc.ControllerActionInvoker.InvokeActionMethodFilter(IActionFilter filter, ActionExecutingContext preContext, Func`1 continuation)
   at System.Web.Mvc.ControllerActionInvoker.<>c__DisplayClass15.<>c__DisplayClass17.<InvokeActionMethodWithFilters>b__14()
   at System.Web.Mvc.ControllerActionInvoker.InvokeActionMethodFilter(IActionFilter filter, ActionExecutingContext preContext, Func`1 continuation)
   at System.Web.Mvc.ControllerActionInvoker.<>c__DisplayClass15.<>c__DisplayClass17.<InvokeActionMethodWithFilters>b__14()
   at System.Web.Mvc.ControllerActionInvoker.InvokeActionMethodWithFilters(ControllerContext controllerContext, IList`1 filters, ActionDescriptor actionDescriptor, IDictionary`2 parameters)
   at System.Web.Mvc.ControllerActionInvoker.InvokeAction(ControllerContext controllerContext, String actionName)
   at Telerik.Sitefinity.Mvc.ControllerWrapper.Execute()
   at Telerik.Sitefinity.Mvc.ControllerActionInvoker.ExecuteController(MvcProxyBase proxyControl)
   at Telerik.Sitefinity.Frontend.Mvc.Infrastructure.Routing.FeatherActionInvoker.ExecuteController(MvcProxyBase proxyControl)

Additional Info:

MachineName : CPL17H2
TimeStamp : 1/25/2018 4:59:55 PM
FullName : Telerik.Sitefinity.Utilities, Version=10.2.6602.0, Culture=neutral, PublicKeyToken=b28c218413bdf563
AppDomainName : /LM/W3SVC/1/ROOT-1-131613722132722702
ThreadIdentity : tannguyen24894@gmail.com
WindowsIdentity : KMS\tannguyen
Requested URL : http://localhost:60191/zxc


Category: ErrorLog

Priority: 0

EventId: 9010

Severity: Warning

Title:Enterprise Library Exception Handling

Machine: CPL17H2

App Domain: /LM/W3SVC/1/ROOT-1-131613722132722702

ProcessId: 9532

Process Name: C:\Program Files (x86)\IIS Express\IISExpress.exe

Thread Name: 

Win32 ThreadId:2732

Extended Properties: 
----------------------------------------
----------------------------------------
ActivityId: 2a8e864c-af8d-4284-a81d-ca7f98c08c4c

Timestamp: 1/25/2018 5:00:05 PM

Message: HandlingInstanceID: a38b9fa9-f47d-41d4-a1f1-a83145bc6d1a
An exception of type 'System.NullReferenceException' occurred and was caught.
-----------------------------------------------------------------------------
01/26/2018 00:00:05
Type : System.NullReferenceException, mscorlib, Version=4.0.0.0, Culture=neutral, PublicKeyToken=b77a5c561934e089
Message : Object reference not set to an instance of an object.
Source : SitefinityWebApp
Help link : 
Data : System.Collections.ListDictionaryInternal
TargetSite : System.Collections.Generic.IList`1[Telerik.Sitefinity.GenericContent.Model.ContentItem] GetContentItems()
HResult : -2147467261
Stack Trace :    at SitefinityWebApp.Mvc.Controllers.PaginationController.GetContentItems() in D:\Projects\Learn\Sitefinity\VarsityII\Mvc\Controllers\PaginationController.cs:line 76
   at SitefinityWebApp.Mvc.Controllers.PaginationController.Index(Nullable`1 page) in D:\Projects\Learn\Sitefinity\VarsityII\Mvc\Controllers\PaginationController.cs:line 55
   at lambda_method(Closure , ControllerBase , Object[] )
   at System.Web.Mvc.ActionMethodDispatcher.Execute(ControllerBase controller, Object[] parameters)
   at System.Web.Mvc.ReflectedActionDescriptor.Execute(ControllerContext controllerContext, IDictionary`2 parameters)
   at System.Web.Mvc.ControllerActionInvoker.InvokeActionMethod(ControllerContext controllerContext, ActionDescriptor actionDescriptor, IDictionary`2 parameters)
   at System.Web.Mvc.ControllerActionInvoker.<>c__DisplayClass15.<InvokeActionMethodWithFilters>b__12()
   at System.Web.Mvc.ControllerActionInvoker.InvokeActionMethodFilter(IActionFilter filter, ActionExecutingContext preContext, Func`1 continuation)
   at System.Web.Mvc.ControllerActionInvoker.<>c__DisplayClass15.<>c__DisplayClass17.<InvokeActionMethodWithFilters>b__14()
   at System.Web.Mvc.ControllerActionInvoker.InvokeActionMethodFilter(IActionFilter filter, ActionExecutingContext preContext, Func`1 continuation)
   at System.Web.Mvc.ControllerActionInvoker.<>c__DisplayClass15.<>c__DisplayClass17.<InvokeActionMethodWithFilters>b__14()
   at System.Web.Mvc.ControllerActionInvoker.InvokeActionMethodFilter(IActionFilter filter, ActionExecutingContext preContext, Func`1 continuation)
   at System.Web.Mvc.ControllerActionInvoker.<>c__DisplayClass15.<>c__DisplayClass17.<InvokeActionMethodWithFilters>b__14()
   at System.Web.Mvc.ControllerActionInvoker.InvokeActionMethodFilter(IActionFilter filter, ActionExecutingContext preContext, Func`1 continuation)
   at System.Web.Mvc.ControllerActionInvoker.<>c__DisplayClass15.<>c__DisplayClass17.<InvokeActionMethodWithFilters>b__14()
   at System.Web.Mvc.ControllerActionInvoker.InvokeActionMethodFilter(IActionFilter filter, ActionExecutingContext preContext, Func`1 continuation)
   at System.Web.Mvc.ControllerActionInvoker.<>c__DisplayClass15.<>c__DisplayClass17.<InvokeActionMethodWithFilters>b__14()
   at System.Web.Mvc.ControllerActionInvoker.InvokeActionMethodFilter(IActionFilter filter, ActionExecutingContext preContext, Func`1 continuation)
   at System.Web.Mvc.ControllerActionInvoker.<>c__DisplayClass15.<>c__DisplayClass17.<InvokeActionMethodWithFilters>b__14()
   at System.Web.Mvc.ControllerActionInvoker.InvokeActionMethodFilter(IActionFilter filter, ActionExecutingContext preContext, Func`1 continuation)
   at System.Web.Mvc.ControllerActionInvoker.<>c__DisplayClass15.<>c__DisplayClass17.<InvokeActionMethodWithFilters>b__14()
   at System.Web.Mvc.ControllerActionInvoker.InvokeActionMethodWithFilters(ControllerContext controllerContext, IList`1 filters, ActionDescriptor actionDescriptor, IDictionary`2 parameters)
   at System.Web.Mvc.ControllerActionInvoker.InvokeAction(ControllerContext controllerContext, String actionName)
   at Telerik.Sitefinity.Mvc.ControllerWrapper.Execute()
   at Telerik.Sitefinity.Mvc.ControllerActionInvoker.ExecuteController(MvcProxyBase proxyControl)
   at Telerik.Sitefinity.Frontend.Mvc.Infrastructure.Routing.FeatherActionInvoker.ExecuteController(MvcProxyBase proxyControl)

Additional Info:

MachineName : CPL17H2
TimeStamp : 1/25/2018 5:00:05 PM
FullName : Telerik.Sitefinity.Utilities, Version=10.2.6602.0, Culture=neutral, PublicKeyToken=b28c218413bdf563
AppDomainName : /LM/W3SVC/1/ROOT-1-131613722132722702
ThreadIdentity : tannguyen24894@gmail.com
WindowsIdentity : KMS\tannguyen
Requested URL : http://localhost:60191/zxc


Category: ErrorLog

Priority: 0

EventId: 9010

Severity: Warning

Title:Enterprise Library Exception Handling

Machine: CPL17H2

App Domain: /LM/W3SVC/1/ROOT-1-131613722132722702

ProcessId: 9532

Process Name: C:\Program Files (x86)\IIS Express\IISExpress.exe

Thread Name: 

Win32 ThreadId:16804

Extended Properties: 
----------------------------------------
----------------------------------------
ActivityId: 91cf3f16-96d1-4223-945b-5c75a7e8f3cb

Timestamp: 1/25/2018 5:02:38 PM

Message: HandlingInstanceID: bec77044-b6e0-41e9-b108-f6c7f4d2be50
An exception of type 'System.NullReferenceException' occurred and was caught.
-----------------------------------------------------------------------------
01/26/2018 00:02:38
Type : System.NullReferenceException, mscorlib, Version=4.0.0.0, Culture=neutral, PublicKeyToken=b77a5c561934e089
Message : Object reference not set to an instance of an object.
Source : SitefinityWebApp
Help link : 
Data : System.Collections.ListDictionaryInternal
TargetSite : System.Collections.Generic.IList`1[Telerik.Sitefinity.GenericContent.Model.ContentItem] GetContentItems()
HResult : -2147467261
Stack Trace :    at SitefinityWebApp.Mvc.Controllers.PaginationController.GetContentItems() in D:\Projects\Learn\Sitefinity\VarsityII\Mvc\Controllers\PaginationController.cs:line 76
   at SitefinityWebApp.Mvc.Controllers.PaginationController.Index(Nullable`1 page) in D:\Projects\Learn\Sitefinity\VarsityII\Mvc\Controllers\PaginationController.cs:line 55
   at lambda_method(Closure , ControllerBase , Object[] )
   at System.Web.Mvc.ActionMethodDispatcher.Execute(ControllerBase controller, Object[] parameters)
   at System.Web.Mvc.ReflectedActionDescriptor.Execute(ControllerContext controllerContext, IDictionary`2 parameters)
   at System.Web.Mvc.ControllerActionInvoker.InvokeActionMethod(ControllerContext controllerContext, ActionDescriptor actionDescriptor, IDictionary`2 parameters)
   at System.Web.Mvc.ControllerActionInvoker.<>c__DisplayClass15.<InvokeActionMethodWithFilters>b__12()
   at System.Web.Mvc.ControllerActionInvoker.InvokeActionMethodFilter(IActionFilter filter, ActionExecutingContext preContext, Func`1 continuation)
   at System.Web.Mvc.ControllerActionInvoker.<>c__DisplayClass15.<>c__DisplayClass17.<InvokeActionMethodWithFilters>b__14()
   at System.Web.Mvc.ControllerActionInvoker.InvokeActionMethodFilter(IActionFilter filter, ActionExecutingContext preContext, Func`1 continuation)
   at System.Web.Mvc.ControllerActionInvoker.<>c__DisplayClass15.<>c__DisplayClass17.<InvokeActionMethodWithFilters>b__14()
   at System.Web.Mvc.ControllerActionInvoker.InvokeActionMethodFilter(IActionFilter filter, ActionExecutingContext preContext, Func`1 continuation)
   at System.Web.Mvc.ControllerActionInvoker.<>c__DisplayClass15.<>c__DisplayClass17.<InvokeActionMethodWithFilters>b__14()
   at System.Web.Mvc.ControllerActionInvoker.InvokeActionMethodFilter(IActionFilter filter, ActionExecutingContext preContext, Func`1 continuation)
   at System.Web.Mvc.ControllerActionInvoker.<>c__DisplayClass15.<>c__DisplayClass17.<InvokeActionMethodWithFilters>b__14()
   at System.Web.Mvc.ControllerActionInvoker.InvokeActionMethodFilter(IActionFilter filter, ActionExecutingContext preContext, Func`1 continuation)
   at System.Web.Mvc.ControllerActionInvoker.<>c__DisplayClass15.<>c__DisplayClass17.<InvokeActionMethodWithFilters>b__14()
   at System.Web.Mvc.ControllerActionInvoker.InvokeActionMethodFilter(IActionFilter filter, ActionExecutingContext preContext, Func`1 continuation)
   at System.Web.Mvc.ControllerActionInvoker.<>c__DisplayClass15.<>c__DisplayClass17.<InvokeActionMethodWithFilters>b__14()
   at System.Web.Mvc.ControllerActionInvoker.InvokeActionMethodFilter(IActionFilter filter, ActionExecutingContext preContext, Func`1 continuation)
   at System.Web.Mvc.ControllerActionInvoker.<>c__DisplayClass15.<>c__DisplayClass17.<InvokeActionMethodWithFilters>b__14()
   at System.Web.Mvc.ControllerActionInvoker.InvokeActionMethodWithFilters(ControllerContext controllerContext, IList`1 filters, ActionDescriptor actionDescriptor, IDictionary`2 parameters)
   at System.Web.Mvc.ControllerActionInvoker.InvokeAction(ControllerContext controllerContext, String actionName)
   at Telerik.Sitefinity.Mvc.ControllerWrapper.Execute()
   at Telerik.Sitefinity.Mvc.ControllerActionInvoker.ExecuteController(MvcProxyBase proxyControl)
   at Telerik.Sitefinity.Frontend.Mvc.Infrastructure.Routing.FeatherActionInvoker.ExecuteController(MvcProxyBase proxyControl)

Additional Info:

MachineName : CPL17H2
TimeStamp : 1/25/2018 5:02:38 PM
FullName : Telerik.Sitefinity.Utilities, Version=10.2.6602.0, Culture=neutral, PublicKeyToken=b28c218413bdf563
AppDomainName : /LM/W3SVC/1/ROOT-2-131613732994096887
ThreadIdentity : tannguyen24894@gmail.com
WindowsIdentity : KMS\tannguyen
Requested URL : http://localhost:60191/zxc


Category: ErrorLog

Priority: 0

EventId: 9010

Severity: Warning

Title:Enterprise Library Exception Handling

Machine: CPL17H2

App Domain: /LM/W3SVC/1/ROOT-2-131613732994096887

ProcessId: 9532

Process Name: C:\Program Files (x86)\IIS Express\IISExpress.exe

Thread Name: 

Win32 ThreadId:17848

Extended Properties: 
----------------------------------------
----------------------------------------
ActivityId: c946784a-f03b-4f92-a8bd-3e577c75958f

Timestamp: 1/26/2018 4:27:39 AM

Message: HandlingInstanceID: e1740051-258d-435c-803f-609f0e078e81
An exception of type 'System.NullReferenceException' occurred and was caught.
-----------------------------------------------------------------------------
01/26/2018 11:27:38
Type : System.NullReferenceException, mscorlib, Version=4.0.0.0, Culture=neutral, PublicKeyToken=b77a5c561934e089
Message : Object reference not set to an instance of an object.
Source : SitefinityWebApp
Help link : 
Data : System.Collections.ListDictionaryInternal
TargetSite : System.Collections.Generic.IList`1[Telerik.Sitefinity.GenericContent.Model.ContentItem] GetContentItems()
HResult : -2147467261
Stack Trace :    at SitefinityWebApp.Mvc.Controllers.PaginationController.GetContentItems() in D:\Projects\Learn\Sitefinity\VarsityII\Mvc\Controllers\PaginationController.cs:line 76
   at SitefinityWebApp.Mvc.Controllers.PaginationController.Index(Nullable`1 page) in D:\Projects\Learn\Sitefinity\VarsityII\Mvc\Controllers\PaginationController.cs:line 55
   at lambda_method(Closure , ControllerBase , Object[] )
   at System.Web.Mvc.ActionMethodDispatcher.Execute(ControllerBase controller, Object[] parameters)
   at System.Web.Mvc.ReflectedActionDescriptor.Execute(ControllerContext controllerContext, IDictionary`2 parameters)
   at System.Web.Mvc.ControllerActionInvoker.InvokeActionMethod(ControllerContext controllerContext, ActionDescriptor actionDescriptor, IDictionary`2 parameters)
   at System.Web.Mvc.ControllerActionInvoker.<>c__DisplayClass15.<InvokeActionMethodWithFilters>b__12()
   at System.Web.Mvc.ControllerActionInvoker.InvokeActionMethodFilter(IActionFilter filter, ActionExecutingContext preContext, Func`1 continuation)
   at System.Web.Mvc.ControllerActionInvoker.<>c__DisplayClass15.<>c__DisplayClass17.<InvokeActionMethodWithFilters>b__14()
   at System.Web.Mvc.ControllerActionInvoker.InvokeActionMethodFilter(IActionFilter filter, ActionExecutingContext preContext, Func`1 continuation)
   at System.Web.Mvc.ControllerActionInvoker.<>c__DisplayClass15.<>c__DisplayClass17.<InvokeActionMethodWithFilters>b__14()
   at System.Web.Mvc.ControllerActionInvoker.InvokeActionMethodFilter(IActionFilter filter, ActionExecutingContext preContext, Func`1 continuation)
   at System.Web.Mvc.ControllerActionInvoker.<>c__DisplayClass15.<>c__DisplayClass17.<InvokeActionMethodWithFilters>b__14()
   at System.Web.Mvc.ControllerActionInvoker.InvokeActionMethodFilter(IActionFilter filter, ActionExecutingContext preContext, Func`1 continuation)
   at System.Web.Mvc.ControllerActionInvoker.<>c__DisplayClass15.<>c__DisplayClass17.<InvokeActionMethodWithFilters>b__14()
   at System.Web.Mvc.ControllerActionInvoker.InvokeActionMethodFilter(IActionFilter filter, ActionExecutingContext preContext, Func`1 continuation)
   at System.Web.Mvc.ControllerActionInvoker.<>c__DisplayClass15.<>c__DisplayClass17.<InvokeActionMethodWithFilters>b__14()
   at System.Web.Mvc.ControllerActionInvoker.InvokeActionMethodFilter(IActionFilter filter, ActionExecutingContext preContext, Func`1 continuation)
   at System.Web.Mvc.ControllerActionInvoker.<>c__DisplayClass15.<>c__DisplayClass17.<InvokeActionMethodWithFilters>b__14()
   at System.Web.Mvc.ControllerActionInvoker.InvokeActionMethodFilter(IActionFilter filter, ActionExecutingContext preContext, Func`1 continuation)
   at System.Web.Mvc.ControllerActionInvoker.<>c__DisplayClass15.<>c__DisplayClass17.<InvokeActionMethodWithFilters>b__14()
   at System.Web.Mvc.ControllerActionInvoker.InvokeActionMethodWithFilters(ControllerContext controllerContext, IList`1 filters, ActionDescriptor actionDescriptor, IDictionary`2 parameters)
   at System.Web.Mvc.ControllerActionInvoker.InvokeAction(ControllerContext controllerContext, String actionName)
   at Telerik.Sitefinity.Mvc.ControllerWrapper.Execute()
   at Telerik.Sitefinity.Mvc.ControllerActionInvoker.ExecuteController(MvcProxyBase proxyControl)
   at Telerik.Sitefinity.Frontend.Mvc.Infrastructure.Routing.FeatherActionInvoker.ExecuteController(MvcProxyBase proxyControl)

Additional Info:

MachineName : CPL17H2
TimeStamp : 1/26/2018 4:27:39 AM
FullName : Telerik.Sitefinity.Utilities, Version=10.2.6602.0, Culture=neutral, PublicKeyToken=b28c218413bdf563
AppDomainName : /LM/W3SVC/1/ROOT-3-131614143942512256
ThreadIdentity : Anonymous
WindowsIdentity : KMS\tannguyen
Requested URL : http://localhost:33180/zxc


Category: ErrorLog

Priority: 0

EventId: 9010

Severity: Warning

Title:Enterprise Library Exception Handling

Machine: CPL17H2

App Domain: /LM/W3SVC/1/ROOT-3-131614143942512256

ProcessId: 3816

Process Name: C:\Program Files (x86)\IIS Express\IISExpress.exe

Thread Name: 

Win32 ThreadId:15376

Extended Properties: 
----------------------------------------
----------------------------------------
ActivityId: 6e6135b8-078d-4bd0-a3b6-d8af650f08d4

Timestamp: 1/26/2018 7:21:51 AM

Message: HandlingInstanceID: e63e90ed-821b-4598-b480-5e3ec07fa7f0
An exception of type 'System.Web.HttpParseException' occurred and was caught.
-----------------------------------------------------------------------------
01/26/2018 14:21:51
Type : System.Web.HttpParseException, System.Web, Version=4.0.0.0, Culture=neutral, PublicKeyToken=b03f5f7f11d50a3a
Message : The 'model' keyword must be followed by a type name on the same line.

Source : System.Web.WebPages.Razor
Help link : 
FileName : D:\Projects\Learn\Sitefinity\VarsityII\Frontend-Assembly\SitefinityWebApp\Mvc\Views\CourseArchive\Index.cshtml
VirtualPath : /Frontend-Assembly/SitefinityWebApp/Mvc/Views/CourseArchive/Index.cshtml
Line : 5
ParserErrors : System.Web.ParserErrorCollection
WebEventCode : 0
ErrorCode : -2147467259
Data : System.Collections.ListDictionaryInternal
TargetSite : Void EnsureGeneratedCode()
HResult : -2147467259
Stack Trace :    at System.Web.WebPages.Razor.RazorBuildProvider.EnsureGeneratedCode()
   at System.Web.WebPages.Razor.RazorBuildProvider.get_CodeCompilerType()
   at System.Web.Compilation.BuildProvider.GetCompilerTypeFromBuildProvider(BuildProvider buildProvider)
   at System.Web.Compilation.BuildProvidersCompiler.ProcessBuildProviders()
   at System.Web.Compilation.BuildProvidersCompiler.PerformBuild()
   at System.Web.Compilation.BuildManager.CompileWebFile(VirtualPath virtualPath)
   at System.Web.Compilation.BuildManager.GetVPathBuildResultInternal(VirtualPath virtualPath, Boolean noBuild, Boolean allowCrossApp, Boolean allowBuildInPrecompile, Boolean throwIfNotFound, Boolean ensureIsUpToDate)
   at System.Web.Compilation.BuildManager.GetVPathBuildResultWithNoAssert(HttpContext context, VirtualPath virtualPath, Boolean noBuild, Boolean allowCrossApp, Boolean allowBuildInPrecompile, Boolean throwIfNotFound, Boolean ensureIsUpToDate)
   at System.Web.Compilation.BuildManager.GetVirtualPathObjectFactory(VirtualPath virtualPath, HttpContext context, Boolean allowCrossApp, Boolean throwIfNotFound)
   at System.Web.Compilation.BuildManager.GetCompiledType(VirtualPath virtualPath)
   at System.Web.Compilation.BuildManager.GetCompiledType(String virtualPath)
   at System.Web.Mvc.BuildManagerWrapper.System.Web.Mvc.IBuildManager.GetCompiledType(String virtualPath)
   at System.Web.Mvc.BuildManagerCompiledView.Render(ViewContext viewContext, TextWriter writer)
   at Telerik.Sitefinity.Frontend.Mvc.Infrastructure.Compilation.CompilationPerformanceRazorView.Render(ViewContext viewContext, TextWriter writer)
   at System.Web.Mvc.ViewResultBase.ExecuteResult(ControllerContext context)
   at System.Web.Mvc.ControllerActionInvoker.InvokeActionResult(ControllerContext controllerContext, ActionResult actionResult)
   at System.Web.Mvc.ControllerActionInvoker.InvokeActionResultFilterRecursive(IList`1 filters, Int32 filterIndex, ResultExecutingContext preContext, ControllerContext controllerContext, ActionResult actionResult)
   at System.Web.Mvc.ControllerActionInvoker.InvokeActionResultFilterRecursive(IList`1 filters, Int32 filterIndex, ResultExecutingContext preContext, ControllerContext controllerContext, ActionResult actionResult)
   at System.Web.Mvc.ControllerActionInvoker.InvokeActionResultFilterRecursive(IList`1 filters, Int32 filterIndex, ResultExecutingContext preContext, ControllerContext controllerContext, ActionResult actionResult)
   at System.Web.Mvc.ControllerActionInvoker.InvokeActionResultFilterRecursive(IList`1 filters, Int32 filterIndex, ResultExecutingContext preContext, ControllerContext controllerContext, ActionResult actionResult)
   at System.Web.Mvc.ControllerActionInvoker.InvokeActionResultFilterRecursive(IList`1 filters, Int32 filterIndex, ResultExecutingContext preContext, ControllerContext controllerContext, ActionResult actionResult)
   at System.Web.Mvc.ControllerActionInvoker.InvokeActionResultFilterRecursive(IList`1 filters, Int32 filterIndex, ResultExecutingContext preContext, ControllerContext controllerContext, ActionResult actionResult)
   at System.Web.Mvc.ControllerActionInvoker.InvokeActionResultFilterRecursive(IList`1 filters, Int32 filterIndex, ResultExecutingContext preContext, ControllerContext controllerContext, ActionResult actionResult)
   at System.Web.Mvc.ControllerActionInvoker.InvokeActionResultFilterRecursive(IList`1 filters, Int32 filterIndex, ResultExecutingContext preContext, ControllerContext controllerContext, ActionResult actionResult)
   at System.Web.Mvc.ControllerActionInvoker.InvokeActionResultWithFilters(ControllerContext controllerContext, IList`1 filters, ActionResult actionResult)
   at System.Web.Mvc.Async.AsyncControllerActionInvoker.<>c__DisplayClass21.<>c__DisplayClass2b.<BeginInvokeAction>b__1c()
   at System.Web.Mvc.Async.AsyncControllerActionInvoker.<>c__DisplayClass21.<BeginInvokeAction>b__1e(IAsyncResult asyncResult)
   at System.Web.Mvc.Async.AsyncResultWrapper.WrappedAsyncResult`1.CallEndDelegate(IAsyncResult asyncResult)
   at System.Web.Mvc.Async.AsyncResultWrapper.WrappedAsyncResultBase`1.End()
   at System.Web.Mvc.Async.AsyncControllerActionInvoker.EndInvokeAction(IAsyncResult asyncResult)
   at System.Web.Mvc.Controller.<BeginExecuteCore>b__1d(IAsyncResult asyncResult, ExecuteCoreState innerState)
   at System.Web.Mvc.Async.AsyncResultWrapper.WrappedAsyncVoid`1.CallEndDelegate(IAsyncResult asyncResult)
   at System.Web.Mvc.Async.AsyncResultWrapper.WrappedAsyncResultBase`1.End()
   at System.Web.Mvc.Controller.EndExecuteCore(IAsyncResult asyncResult)
   at System.Web.Mvc.Controller.<BeginExecute>b__15(IAsyncResult asyncResult, Controller controller)
   at System.Web.Mvc.Async.AsyncResultWrapper.WrappedAsyncVoid`1.CallEndDelegate(IAsyncResult asyncResult)
   at System.Web.Mvc.Async.AsyncResultWrapper.WrappedAsyncResultBase`1.End()
   at System.Web.Mvc.Controller.EndExecute(IAsyncResult asyncResult)
   at System.Web.Mvc.Controller.System.Web.Mvc.Async.IAsyncController.EndExecute(IAsyncResult asyncResult)
   at System.Web.Mvc.MvcHandler.<BeginProcessRequest>b__5(IAsyncResult asyncResult, ProcessRequestState innerState)
   at System.Web.Mvc.Async.AsyncResultWrapper.WrappedAsyncVoid`1.CallEndDelegate(IAsyncResult asyncResult)
   at System.Web.Mvc.Async.AsyncResultWrapper.WrappedAsyncResultBase`1.End()
   at System.Web.Mvc.MvcHandler.EndProcessRequest(IAsyncResult asyncResult)
   at System.Web.Mvc.MvcHandler.System.Web.IHttpAsyncHandler.EndProcessRequest(IAsyncResult result)
   at System.Web.HttpApplication.CallHandlerExecutionStep.System.Web.HttpApplication.IExecutionStep.Execute()
   at System.Web.HttpApplication.ExecuteStep(IExecutionStep step, Boolean& completedSynchronously)

Additional Info:

MachineName : CPL17H2
TimeStamp : 1/26/2018 7:21:51 AM
FullName : Telerik.Sitefinity.Utilities, Version=10.2.6602.0, Culture=neutral, PublicKeyToken=b28c218413bdf563
AppDomainName : /LM/W3SVC/1/ROOT-4-131614248816318596
ThreadIdentity : tannguyen24894@gmail.com
WindowsIdentity : KMS\tannguyen
Requested URL : http://localhost:65059/Course


Category: ErrorLog

Priority: 0

EventId: 90000

Severity: Error

Title:Enterprise Library Exception Handling

Machine: CPL17H2

App Domain: /LM/W3SVC/1/ROOT-4-131614248816318596

ProcessId: 5844

Process Name: C:\Program Files (x86)\IIS Express\IISExpress.exe

Thread Name: 

Win32 ThreadId:20584

Extended Properties: 
----------------------------------------
